<?xml version="1.0" encoding="UTF-8"?>
<coverage generated="1524464510076" clover="3.2.0">
  <project timestamp="1524464510077" name="All files">
    <metrics statements="526" coveredstatements="459" conditionals="208" coveredconditionals="155" methods="84" coveredmethods="67" elements="818" coveredelements="681" complexity="0" loc="526" ncloc="526" packages="3" files="17" classes="17">
      <package name="src">
        <metrics statements="490" coveredstatements="434" conditionals="197" coveredconditionals="152" methods="74" coveredmethods="63"/>
        <file name="Cronr.ts" path="/Users/ryuyutyo/Documents/git/verdaccio/modules/cronr/src/Cronr.ts">
          <metrics statements="50" coveredstatements="16" conditionals="21" coveredconditionals="1" methods="9" coveredmethods="1"/>
          <line num="2" count="1" type="stmt"/>
          <line num="3" count="1" type="stmt"/>
          <line num="4" count="1" type="stmt"/>
          <line num="5" count="1" type="stmt"/>
          <line num="6" count="1" type="stmt"/>
          <line num="7" count="1" type="stmt"/>
          <line num="8" count="1" type="stmt"/>
          <line num="9" count="1" type="stmt"/>
          <line num="16" count="1" type="stmt"/>
          <line num="17" count="1" type="stmt"/>
          <line num="18" count="1" type="stmt"/>
          <line num="19" count="1" type="stmt"/>
          <line num="23" count="1" type="stmt"/>
          <line num="24" count="1" type="stmt"/>
          <line num="25" count="1" type="stmt"/>
          <line num="28" count="0" type="cond" truecount="0" falsecount="4"/>
          <line num="30" count="0" type="stmt"/>
          <line num="32" count="0" type="stmt"/>
          <line num="34" count="0" type="stmt"/>
          <line num="36" count="0" type="stmt"/>
          <line num="40" count="0" type="cond" truecount="0" falsecount="2"/>
          <line num="41" count="0" type="stmt"/>
          <line num="43" count="0" type="cond" truecount="0" falsecount="4"/>
          <line num="44" count="0" type="stmt"/>
          <line num="46" count="0" type="stmt"/>
          <line num="47" count="0" type="stmt"/>
          <line num="48" count="0" type="stmt"/>
          <line num="49" count="0" type="stmt"/>
          <line num="50" count="0" type="stmt"/>
          <line num="51" count="0" type="stmt"/>
          <line num="52" count="0" type="stmt"/>
          <line num="54" count="0" type="stmt"/>
          <line num="57" count="0" type="stmt"/>
          <line num="62" count="0" type="cond" truecount="0" falsecount="2"/>
          <line num="63" count="0" type="stmt"/>
          <line num="65" count="0" type="stmt"/>
          <line num="66" count="0" type="stmt"/>
          <line num="70" count="0" type="cond" truecount="0" falsecount="4"/>
          <line num="71" count="0" type="stmt"/>
          <line num="73" count="0" type="stmt"/>
          <line num="74" count="0" type="stmt"/>
          <line num="77" count="0" type="cond" truecount="0" falsecount="2"/>
          <line num="78" count="0" type="stmt"/>
          <line num="80" count="0" type="stmt"/>
          <line num="81" count="0" type="stmt"/>
          <line num="84" count="0" type="cond" truecount="0" falsecount="2"/>
          <line num="85" count="0" type="stmt"/>
          <line num="87" count="0" type="stmt"/>
          <line num="88" count="0" type="stmt"/>
          <line num="91" count="1" type="stmt"/>
        </file>
        <file name="CronrCounter.ts" path="/Users/ryuyutyo/Documents/git/verdaccio/modules/cronr/src/CronrCounter.ts">
          <metrics statements="15" coveredstatements="14" conditionals="13" coveredconditionals="10" methods="2" coveredmethods="2"/>
          <line num="2" count="3" type="cond" truecount="3" falsecount="0"/>
          <line num="3" count="25" type="stmt"/>
          <line num="4" count="74" type="cond" truecount="4" falsecount="0"/>
          <line num="5" count="50" type="stmt"/>
          <line num="6" count="25" type="cond" truecount="3" falsecount="1"/>
          <line num="7" count="25" type="cond" truecount="0" falsecount="2"/>
          <line num="8" count="0" type="stmt"/>
          <line num="9" count="25" type="stmt"/>
          <line num="11" count="3" type="stmt"/>
          <line num="12" count="3" type="stmt"/>
          <line num="15" count="25" type="stmt"/>
          <line num="16" count="25" type="stmt"/>
          <line num="17" count="25" type="stmt"/>
          <line num="18" count="25" type="stmt"/>
          <line num="21" count="3" type="stmt"/>
        </file>
        <file name="Pattern.ts" path="/Users/ryuyutyo/Documents/git/verdaccio/modules/cronr/src/Pattern.ts">
          <metrics statements="45" coveredstatements="43" conditionals="16" coveredconditionals="14" methods="6" coveredmethods="6"/>
          <line num="2" count="4" type="stmt"/>
          <line num="3" count="4" type="stmt"/>
          <line num="4" count="4" type="stmt"/>
          <line num="5" count="4" type="stmt"/>
          <line num="6" count="4" type="stmt"/>
          <line num="7" count="4" type="stmt"/>
          <line num="10" count="44" type="stmt"/>
          <line num="11" count="44" type="stmt"/>
          <line num="12" count="44" type="stmt"/>
          <line num="13" count="44" type="stmt"/>
          <line num="14" count="44" type="stmt"/>
          <line num="15" count="44" type="stmt"/>
          <line num="16" count="44" type="stmt"/>
          <line num="17" count="44" type="stmt"/>
          <line num="18" count="44" type="stmt"/>
          <line num="21" count="44" type="stmt"/>
          <line num="22" count="44" type="stmt"/>
          <line num="23" count="44" type="stmt"/>
          <line num="26" count="44" type="stmt"/>
          <line num="32" count="54" type="stmt"/>
          <line num="33" count="54" type="stmt"/>
          <line num="34" count="54" type="stmt"/>
          <line num="35" count="186" type="cond" truecount="2" falsecount="0"/>
          <line num="36" count="45" type="stmt"/>
          <line num="39" count="54" type="cond" truecount="2" falsecount="0"/>
          <line num="40" count="45" type="stmt"/>
          <line num="41" count="45" type="stmt"/>
          <line num="43" count="9" type="cond" truecount="3" falsecount="1"/>
          <line num="45" count="3" type="stmt"/>
          <line num="47" count="3" type="stmt"/>
          <line num="49" count="3" type="stmt"/>
          <line num="51" count="0" type="stmt"/>
          <line num="55" count="44" type="stmt"/>
          <line num="56" count="44" type="stmt"/>
          <line num="57" count="44" type="cond" truecount="3" falsecount="1"/>
          <line num="58" count="0" type="stmt"/>
          <line num="59" count="44" type="cond" truecount="2" falsecount="0"/>
          <line num="60" count="1" type="stmt"/>
          <line num="61" count="1" type="stmt"/>
          <line num="63" count="44" type="cond" truecount="2" falsecount="0"/>
          <line num="64" count="42" type="stmt"/>
          <line num="65" count="42" type="stmt"/>
          <line num="67" count="44" type="stmt"/>
          <line num="68" count="308" type="stmt"/>
          <line num="71" count="4" type="stmt"/>
        </file>
        <file name="Resolver.ts" path="/Users/ryuyutyo/Documents/git/verdaccio/modules/cronr/src/Resolver.ts">
          <metrics statements="122" coveredstatements="120" conditionals="54" coveredconditionals="51" methods="10" coveredmethods="10"/>
          <line num="2" count="3" type="stmt"/>
          <line num="3" count="3" type="stmt"/>
          <line num="4" count="3" type="stmt"/>
          <line num="5" count="3" type="stmt"/>
          <line num="6" count="3" type="stmt"/>
          <line num="7" count="3" type="stmt"/>
          <line num="10" count="25" type="stmt"/>
          <line num="11" count="25" type="stmt"/>
          <line num="12" count="25" type="stmt"/>
          <line num="13" count="25" type="stmt"/>
          <line num="14" count="25" type="stmt"/>
          <line num="15" count="25" type="stmt"/>
          <line num="16" count="25" type="stmt"/>
          <line num="17" count="25" type="stmt"/>
          <line num="18" count="25" type="stmt"/>
          <line num="19" count="25" type="stmt"/>
          <line num="20" count="25" type="stmt"/>
          <line num="22" count="25" type="cond" truecount="1" falsecount="1"/>
          <line num="25" count="25" type="stmt"/>
          <line num="26" count="25" type="stmt"/>
          <line num="29" count="25" type="stmt"/>
          <line num="31" count="54" type="stmt"/>
          <line num="32" count="54" type="stmt"/>
          <line num="33" count="54" type="stmt"/>
          <line num="34" count="54" type="stmt"/>
          <line num="46" count="54" type="stmt"/>
          <line num="47" count="54" type="stmt"/>
          <line num="48" count="54" type="stmt"/>
          <line num="51" count="72" type="stmt"/>
          <line num="52" count="72" type="stmt"/>
          <line num="53" count="72" type="cond" truecount="2" falsecount="0"/>
          <line num="54" count="3" type="stmt"/>
          <line num="56" count="72" type="stmt"/>
          <line num="57" count="228" type="stmt"/>
          <line num="58" count="228" type="stmt"/>
          <line num="59" count="228" type="stmt"/>
          <line num="60" count="228" type="stmt"/>
          <line num="61" count="228" type="stmt"/>
          <line num="65" count="43" type="stmt"/>
          <line num="66" count="43" type="stmt"/>
          <line num="67" count="43" type="cond" truecount="2" falsecount="0"/>
          <line num="68" count="3" type="stmt"/>
          <line num="70" count="43" type="stmt"/>
          <line num="71" count="132" type="stmt"/>
          <line num="72" count="132" type="stmt"/>
          <line num="73" count="132" type="stmt"/>
          <line num="74" count="132" type="stmt"/>
          <line num="75" count="131" type="stmt"/>
          <line num="76" count="131" type="stmt"/>
          <line num="77" count="131" type="stmt"/>
          <line num="81" count="259" type="stmt"/>
          <line num="82" count="259" type="stmt"/>
          <line num="83" count="259" type="stmt"/>
          <line num="84" count="259" type="stmt"/>
          <line num="85" count="259" type="cond" truecount="2" falsecount="0"/>
          <line num="86" count="69" type="stmt"/>
          <line num="87" count="69" type="stmt"/>
          <line num="88" count="39" type="stmt"/>
          <line num="89" count="39" type="stmt"/>
          <line num="90" count="39" type="stmt"/>
          <line num="91" count="39" type="stmt"/>
          <line num="92" count="39" type="stmt"/>
          <line num="95" count="30" type="cond" truecount="2" falsecount="0"/>
          <line num="96" count="28" type="stmt"/>
          <line num="97" count="28" type="stmt"/>
          <line num="98" count="28" type="stmt"/>
          <line num="99" count="28" type="stmt"/>
          <line num="100" count="28" type="stmt"/>
          <line num="101" count="28" type="stmt"/>
          <line num="102" count="28" type="stmt"/>
          <line num="105" count="2" type="stmt"/>
          <line num="106" count="2" type="stmt"/>
          <line num="107" count="2" type="stmt"/>
          <line num="108" count="2" type="stmt"/>
          <line num="110" count="30" type="stmt"/>
          <line num="113" count="190" type="cond" truecount="2" falsecount="0"/>
          <line num="114" count="177" type="stmt"/>
          <line num="118" count="259" type="stmt"/>
          <line num="119" count="259" type="cond" truecount="2" falsecount="0"/>
          <line num="120" count="203" type="stmt"/>
          <line num="122" count="56" type="stmt"/>
          <line num="123" count="56" type="stmt"/>
          <line num="124" count="56" type="stmt"/>
          <line num="125" count="56" type="cond" truecount="4" falsecount="0"/>
          <line num="126" count="21" type="stmt"/>
          <line num="127" count="35" type="stmt"/>
          <line num="128" count="35" type="stmt"/>
          <line num="129" count="35" type="cond" truecount="4" falsecount="0"/>
          <line num="130" count="10" type="stmt"/>
          <line num="131" count="25" type="cond" truecount="4" falsecount="0"/>
          <line num="132" count="9" type="stmt"/>
          <line num="133" count="16" type="cond" truecount="2" falsecount="0"/>
          <line num="136" count="69" type="stmt"/>
          <line num="137" count="69" type="cond" truecount="2" falsecount="0"/>
          <line num="138" count="57" type="stmt"/>
          <line num="140" count="12" type="stmt"/>
          <line num="141" count="12" type="stmt"/>
          <line num="142" count="12" type="stmt"/>
          <line num="143" count="12" type="stmt"/>
          <line num="144" count="12" type="cond" truecount="3" falsecount="1"/>
          <line num="145" count="0" type="stmt"/>
          <line num="146" count="12" type="stmt"/>
          <line num="147" count="12" type="stmt"/>
          <line num="148" count="12" type="stmt"/>
          <line num="149" count="12" type="stmt"/>
          <line num="150" count="12" type="stmt"/>
          <line num="151" count="12" type="stmt"/>
          <line num="154" count="4" type="cond" truecount="4" falsecount="0"/>
          <line num="155" count="1" type="stmt"/>
          <line num="157" count="11" type="cond" truecount="4" falsecount="0"/>
          <line num="158" count="1" type="stmt"/>
          <line num="159" count="10" type="stmt"/>
          <line num="160" count="10" type="stmt"/>
          <line num="163" count="3" type="cond" truecount="3" falsecount="1"/>
          <line num="164" count="0" type="stmt"/>
          <line num="166" count="10" type="cond" truecount="4" falsecount="0"/>
          <line num="167" count="2" type="stmt"/>
          <line num="168" count="8" type="cond" truecount="4" falsecount="0"/>
          <line num="169" count="5" type="stmt"/>
          <line num="171" count="3" type="stmt"/>
          <line num="174" count="715" type="stmt"/>
          <line num="177" count="3" type="stmt"/>
        </file>
        <file name="Token.ts" path="/Users/ryuyutyo/Documents/git/verdaccio/modules/cronr/src/Token.ts">
          <metrics statements="68" coveredstatements="67" conditionals="34" coveredconditionals="32" methods="10" coveredmethods="10"/>
          <line num="2" count="5" type="stmt"/>
          <line num="3" count="5" type="stmt"/>
          <line num="4" count="5" type="stmt"/>
          <line num="5" count="5" type="stmt"/>
          <line num="6" count="5" type="stmt"/>
          <line num="7" count="5" type="stmt"/>
          <line num="8" count="5" type="stmt"/>
          <line num="11" count="318" type="stmt"/>
          <line num="12" count="318" type="stmt"/>
          <line num="15" count="318" type="stmt"/>
          <line num="18" count="2945" type="stmt"/>
          <line num="19" count="2945" type="cond" truecount="2" falsecount="0"/>
          <line num="20" count="150" type="stmt"/>
          <line num="22" count="2945" type="stmt"/>
          <line num="25" count="2329" type="stmt"/>
          <line num="26" count="2737" type="stmt"/>
          <line num="27" count="2737" type="stmt"/>
          <line num="28" count="2737" type="stmt"/>
          <line num="29" count="2329" type="stmt"/>
          <line num="30" count="1720" type="stmt"/>
          <line num="31" count="1720" type="cond" truecount="2" falsecount="0"/>
          <line num="32" count="75" type="stmt"/>
          <line num="34" count="2254" type="stmt"/>
          <line num="35" count="2254" type="cond" truecount="2" falsecount="0"/>
          <line num="36" count="581" type="stmt"/>
          <line num="39" count="2254" type="stmt"/>
          <line num="40" count="2254" type="stmt"/>
          <line num="41" count="2254" type="cond" truecount="4" falsecount="0"/>
          <line num="42" count="108" type="stmt"/>
          <line num="44" count="2254" type="cond" truecount="4" falsecount="0"/>
          <line num="45" count="314" type="stmt"/>
          <line num="52" count="2254" type="stmt"/>
          <line num="53" count="745" type="cond" truecount="2" falsecount="0"/>
          <line num="54" count="745" type="cond" truecount="1" falsecount="1"/>
          <line num="55" count="745" type="stmt"/>
          <line num="56" count="4200" type="cond" truecount="2" falsecount="0"/>
          <line num="57" count="300" type="stmt"/>
          <line num="60" count="1954" type="stmt"/>
          <line num="68" count="210" type="stmt"/>
          <line num="69" count="210" type="stmt"/>
          <line num="70" count="210" type="stmt"/>
          <line num="71" count="210" type="cond" truecount="2" falsecount="0"/>
          <line num="72" count="15" type="stmt"/>
          <line num="73" count="15" type="stmt"/>
          <line num="74" count="15" type="stmt"/>
          <line num="76" count="210" type="cond" truecount="2" falsecount="0"/>
          <line num="77" count="1997" type="cond" truecount="2" falsecount="0"/>
          <line num="78" count="176" type="stmt"/>
          <line num="81" count="34" type="stmt"/>
          <line num="84" count="10" type="stmt"/>
          <line num="85" count="10" type="stmt"/>
          <line num="86" count="10" type="stmt"/>
          <line num="87" count="10" type="cond" truecount="1" falsecount="1"/>
          <line num="88" count="0" type="stmt"/>
          <line num="89" count="10" type="stmt"/>
          <line num="90" count="10" type="stmt"/>
          <line num="91" count="10" type="stmt"/>
          <line num="92" count="10" type="cond" truecount="2" falsecount="0"/>
          <line num="93" count="35" type="stmt"/>
          <line num="94" count="35" type="cond" truecount="2" falsecount="0"/>
          <line num="95" count="7" type="stmt"/>
          <line num="97" count="28" type="stmt"/>
          <line num="98" count="28" type="stmt"/>
          <line num="100" count="3" type="stmt"/>
          <line num="103" count="2351" type="cond" truecount="2" falsecount="0"/>
          <line num="104" count="159" type="stmt"/>
          <line num="105" count="2351" type="stmt"/>
          <line num="108" count="5" type="stmt"/>
        </file>
        <file name="Unit.ts" path="/Users/ryuyutyo/Documents/git/verdaccio/modules/cronr/src/Unit.ts">
          <metrics statements="41" coveredstatements="41" conditionals="11" coveredconditionals="10" methods="5" coveredmethods="5"/>
          <line num="2" count="5" type="stmt"/>
          <line num="3" count="5" type="stmt"/>
          <line num="4" count="5" type="stmt"/>
          <line num="5" count="5" type="stmt"/>
          <line num="14" count="5" type="stmt"/>
          <line num="15" count="5" type="stmt"/>
          <line num="16" count="5" type="stmt"/>
          <line num="17" count="5" type="stmt"/>
          <line num="20" count="18" type="stmt"/>
          <line num="21" count="18" type="stmt"/>
          <line num="22" count="18" type="stmt"/>
          <line num="23" count="18" type="stmt"/>
          <line num="24" count="18" type="stmt"/>
          <line num="25" count="18" type="stmt"/>
          <line num="26" count="18" type="stmt"/>
          <line num="27" count="18" type="stmt"/>
          <line num="28" count="18" type="stmt"/>
          <line num="31" count="150" type="stmt"/>
          <line num="34" count="150" type="stmt"/>
          <line num="37" count="133" type="cond" truecount="1" falsecount="1"/>
          <line num="40" count="314" type="cond" truecount="2" falsecount="0"/>
          <line num="41" count="18" type="stmt"/>
          <line num="45" count="18" type="stmt"/>
          <line num="46" count="18" type="cond" truecount="7" falsecount="0"/>
          <line num="48" count="2" type="stmt"/>
          <line num="55" count="2" type="stmt"/>
          <line num="57" count="4" type="stmt"/>
          <line num="64" count="4" type="stmt"/>
          <line num="66" count="3" type="stmt"/>
          <line num="73" count="3" type="stmt"/>
          <line num="75" count="2" type="stmt"/>
          <line num="82" count="2" type="stmt"/>
          <line num="84" count="2" type="stmt"/>
          <line num="91" count="2" type="stmt"/>
          <line num="93" count="2" type="stmt"/>
          <line num="101" count="2" type="stmt"/>
          <line num="103" count="3" type="stmt"/>
          <line num="110" count="3" type="stmt"/>
          <line num="112" count="18" type="stmt"/>
          <line num="114" count="314" type="stmt"/>
          <line num="117" count="5" type="stmt"/>
        </file>
        <file name="tokenParser.ts" path="/Users/ryuyutyo/Documents/git/verdaccio/modules/cronr/src/tokenParser.ts">
          <metrics statements="145" coveredstatements="129" conditionals="48" coveredconditionals="34" methods="32" coveredmethods="29"/>
          <line num="2" count="5" type="stmt"/>
          <line num="3" count="5" type="stmt"/>
          <line num="4" count="5" type="stmt"/>
          <line num="5" count="5" type="stmt"/>
          <line num="6" count="328" type="stmt"/>
          <line num="7" count="9" type="stmt"/>
          <line num="8" count="8" type="stmt"/>
          <line num="9" count="139" type="stmt"/>
          <line num="10" count="34" type="stmt"/>
          <line num="11" count="56" type="stmt"/>
          <line num="12" count="26" type="stmt"/>
          <line num="13" count="4" type="stmt"/>
          <line num="14" count="4" type="stmt"/>
          <line num="17" count="5" type="stmt"/>
          <line num="18" count="5" type="stmt"/>
          <line num="33" count="35" type="stmt"/>
          <line num="34" count="177" type="stmt"/>
          <line num="35" count="461" type="stmt"/>
          <line num="36" count="461" type="cond" truecount="2" falsecount="0"/>
          <line num="37" count="177" type="stmt"/>
          <line num="39" count="0" type="stmt"/>
          <line num="42" count="254" type="stmt"/>
          <line num="43" count="5" type="stmt"/>
          <line num="44" count="5" type="stmt"/>
          <line num="45" count="5" type="stmt"/>
          <line num="46" count="5" type="stmt"/>
          <line num="47" count="5" type="stmt"/>
          <line num="48" count="5" type="stmt"/>
          <line num="49" count="5" type="stmt"/>
          <line num="50" count="5" type="stmt"/>
          <line num="51" count="5" type="stmt"/>
          <line num="52" count="5" type="stmt"/>
          <line num="53" count="5" type="stmt"/>
          <line num="54" count="5" type="stmt"/>
          <line num="55" count="5" type="stmt"/>
          <line num="61" count="5" type="stmt"/>
          <line num="67" count="5" type="stmt"/>
          <line num="73" count="5" type="stmt"/>
          <line num="79" count="5" type="stmt"/>
          <line num="85" count="5" type="stmt"/>
          <line num="92" count="5" type="stmt"/>
          <line num="99" count="5" type="stmt"/>
          <line num="100" count="40" type="stmt"/>
          <line num="101" count="5" type="stmt"/>
          <line num="102" count="0" type="stmt"/>
          <line num="103" count="0" type="cond" truecount="0" falsecount="2"/>
          <line num="104" count="0" type="stmt"/>
          <line num="105" count="0" type="stmt"/>
          <line num="110" count="0" type="stmt"/>
          <line num="112" count="5" type="stmt"/>
          <line num="113" count="41" type="stmt"/>
          <line num="114" count="41" type="cond" truecount="1" falsecount="1"/>
          <line num="115" count="41" type="stmt"/>
          <line num="116" count="41" type="stmt"/>
          <line num="121" count="0" type="stmt"/>
          <line num="123" count="5" type="stmt"/>
          <line num="124" count="24" type="stmt"/>
          <line num="125" count="24" type="cond" truecount="1" falsecount="1"/>
          <line num="126" count="24" type="stmt"/>
          <line num="127" count="24" type="stmt"/>
          <line num="135" count="0" type="stmt"/>
          <line num="137" count="5" type="stmt"/>
          <line num="138" count="87" type="stmt"/>
          <line num="139" count="87" type="cond" truecount="1" falsecount="1"/>
          <line num="140" count="87" type="stmt"/>
          <line num="141" count="87" type="cond" truecount="2" falsecount="0"/>
          <line num="142" count="8" type="stmt"/>
          <line num="146" count="79" type="stmt"/>
          <line num="152" count="5" type="stmt"/>
          <line num="153" count="0" type="stmt"/>
          <line num="154" count="0" type="cond" truecount="0" falsecount="2"/>
          <line num="155" count="0" type="stmt"/>
          <line num="156" count="0" type="stmt"/>
          <line num="167" count="5" type="stmt"/>
          <line num="168" count="14" type="stmt"/>
          <line num="169" count="14" type="cond" truecount="1" falsecount="1"/>
          <line num="170" count="14" type="stmt"/>
          <line num="171" count="14" type="stmt"/>
          <line num="182" count="0" type="stmt"/>
          <line num="184" count="5" type="stmt"/>
          <line num="185" count="5" type="stmt"/>
          <line num="186" count="5" type="stmt"/>
          <line num="187" count="5" type="cond" truecount="1" falsecount="1"/>
          <line num="188" count="5" type="stmt"/>
          <line num="189" count="5" type="cond" truecount="2" falsecount="0"/>
          <line num="190" count="4" type="stmt"/>
          <line num="197" count="1" type="stmt"/>
          <line num="203" count="5" type="stmt"/>
          <line num="204" count="6" type="stmt"/>
          <line num="205" count="6" type="stmt"/>
          <line num="206" count="6" type="cond" truecount="1" falsecount="1"/>
          <line num="207" count="6" type="stmt"/>
          <line num="208" count="6" type="cond" truecount="2" falsecount="0"/>
          <line num="209" count="2" type="stmt"/>
          <line num="216" count="4" type="stmt"/>
          <line num="222" count="5" type="stmt"/>
          <line num="223" count="120" type="cond" truecount="1" falsecount="1"/>
          <line num="224" count="0" type="stmt"/>
          <line num="225" count="120" type="cond" truecount="1" falsecount="1"/>
          <line num="226" count="0" type="stmt"/>
          <line num="227" count="120" type="stmt"/>
          <line num="229" count="5" type="stmt"/>
          <line num="230" count="40" type="stmt"/>
          <line num="231" count="40" type="stmt"/>
          <line num="232" count="40" type="stmt"/>
          <line num="233" count="40" type="stmt"/>
          <line num="238" count="5" type="stmt"/>
          <line num="239" count="30" type="stmt"/>
          <line num="240" count="164" type="stmt"/>
          <line num="241" count="164" type="stmt"/>
          <line num="242" count="164" type="cond" truecount="3" falsecount="1"/>
          <line num="243" count="164" type="stmt"/>
          <line num="244" count="178" type="cond" truecount="3" falsecount="0"/>
          <line num="246" count="40" type="stmt"/>
          <line num="248" count="40" type="stmt"/>
          <line num="250" count="98" type="stmt"/>
          <line num="254" count="0" type="stmt"/>
          <line num="257" count="5" type="stmt"/>
          <line num="258" count="19" type="stmt"/>
          <line num="259" count="19" type="cond" truecount="3" falsecount="0"/>
          <line num="261" count="9" type="stmt"/>
          <line num="262" count="9" type="cond" truecount="1" falsecount="1"/>
          <line num="264" count="6" type="stmt"/>
          <line num="265" count="6" type="cond" truecount="4" falsecount="0"/>
          <line num="266" count="1" type="stmt"/>
          <line num="268" count="5" type="stmt"/>
          <line num="270" count="4" type="stmt"/>
          <line num="274" count="5" type="stmt"/>
          <line num="275" count="5" type="stmt"/>
          <line num="278" count="5" type="stmt"/>
          <line num="279" count="5" type="stmt"/>
          <line num="280" count="5" type="stmt"/>
          <line num="281" count="5" type="stmt"/>
          <line num="283" count="5" type="stmt"/>
          <line num="288" count="159" type="stmt"/>
          <line num="289" count="159" type="stmt"/>
          <line num="290" count="177" type="stmt"/>
          <line num="291" count="177" type="stmt"/>
          <line num="292" count="177" type="cond" truecount="2" falsecount="0"/>
          <line num="293" count="45" type="stmt"/>
          <line num="295" count="177" type="stmt"/>
          <line num="296" count="177" type="cond" truecount="2" falsecount="0"/>
          <line num="297" count="164" type="stmt"/>
          <line num="299" count="177" type="stmt"/>
          <line num="302" count="5" type="stmt"/>
        </file>
        <file name="types.ts" path="/Users/ryuyutyo/Documents/git/verdaccio/modules/cronr/src/types.ts">
          <metrics statements="4" coveredstatements="4" conditionals="0" coveredconditionals="0" methods="0" coveredmethods="0"/>
          <line num="2" count="5" type="stmt"/>
          <line num="3" count="5" type="stmt"/>
          <line num="4" count="5" type="stmt"/>
          <line num="5" count="5" type="stmt"/>
        </file>
      </package>
      <package name="src.utils">
        <metrics statements="35" coveredstatements="24" conditionals="11" coveredconditionals="3" methods="8" coveredmethods="3"/>
        <file name="index.ts" path="/Users/ryuyutyo/Documents/git/verdaccio/modules/cronr/src/utils/index.ts">
          <metrics statements="8" coveredstatements="8" conditionals="0" coveredconditionals="0" methods="0" coveredmethods="0"/>
          <line num="2" count="5" type="stmt"/>
          <line num="3" count="5" type="stmt"/>
          <line num="4" count="5" type="stmt"/>
          <line num="5" count="5" type="stmt"/>
          <line num="6" count="5" type="stmt"/>
          <line num="7" count="5" type="stmt"/>
          <line num="8" count="5" type="stmt"/>
          <line num="9" count="5" type="stmt"/>
        </file>
        <file name="isLeap.ts" path="/Users/ryuyutyo/Documents/git/verdaccio/modules/cronr/src/utils/isLeap.ts">
          <metrics statements="2" coveredstatements="2" conditionals="3" coveredconditionals="1" methods="1" coveredmethods="1"/>
          <line num="2" count="5" type="stmt"/>
          <line num="3" count="133" type="cond" truecount="1" falsecount="2"/>
        </file>
        <file name="min.ts" path="/Users/ryuyutyo/Documents/git/verdaccio/modules/cronr/src/utils/min.ts">
          <metrics statements="7" coveredstatements="3" conditionals="4" coveredconditionals="0" methods="2" coveredmethods="0"/>
          <line num="2" count="5" type="stmt"/>
          <line num="3" count="5" type="stmt"/>
          <line num="4" count="0" type="stmt"/>
          <line num="5" count="0" type="cond" truecount="0" falsecount="2"/>
          <line num="6" count="0" type="cond" truecount="0" falsecount="2"/>
          <line num="7" count="0" type="stmt"/>
          <line num="10" count="5" type="stmt"/>
        </file>
        <file name="pick.ts" path="/Users/ryuyutyo/Documents/git/verdaccio/modules/cronr/src/utils/pick.ts">
          <metrics statements="6" coveredstatements="2" conditionals="2" coveredconditionals="0" methods="2" coveredmethods="0"/>
          <line num="2" count="5" type="stmt"/>
          <line num="4" count="0" type="stmt"/>
          <line num="5" count="0" type="cond" truecount="0" falsecount="2"/>
          <line num="6" count="0" type="stmt"/>
          <line num="7" count="0" type="stmt"/>
          <line num="10" count="5" type="stmt"/>
        </file>
        <file name="resolveTsParts.ts" path="/Users/ryuyutyo/Documents/git/verdaccio/modules/cronr/src/utils/resolveTsParts.ts">
          <metrics statements="3" coveredstatements="3" conditionals="2" coveredconditionals="2" methods="1" coveredmethods="1"/>
          <line num="2" count="5" type="stmt"/>
          <line num="3" count="5" type="stmt"/>
          <line num="4" count="658" type="stmt"/>
        </file>
        <file name="sortByValue.ts" path="/Users/ryuyutyo/Documents/git/verdaccio/modules/cronr/src/utils/sortByValue.ts">
          <metrics statements="6" coveredstatements="3" conditionals="0" coveredconditionals="0" methods="1" coveredmethods="0"/>
          <line num="2" count="5" type="stmt"/>
          <line num="3" count="5" type="stmt"/>
          <line num="4" count="0" type="stmt"/>
          <line num="5" count="0" type="stmt"/>
          <line num="6" count="0" type="stmt"/>
          <line num="8" count="5" type="stmt"/>
        </file>
        <file name="toNum.ts" path="/Users/ryuyutyo/Documents/git/verdaccio/modules/cronr/src/utils/toNum.ts">
          <metrics statements="3" coveredstatements="3" conditionals="0" coveredconditionals="0" methods="1" coveredmethods="1"/>
          <line num="2" count="5" type="stmt"/>
          <line num="3" count="89" type="stmt"/>
          <line num="4" count="5" type="stmt"/>
        </file>
      </package>
      <package name="test.utils">
        <metrics statements="1" coveredstatements="1" conditionals="0" coveredconditionals="0" methods="2" coveredmethods="1"/>
        <file name="format.js" path="/Users/ryuyutyo/Documents/git/verdaccio/modules/cronr/test/utils/format.js">
          <metrics statements="1" coveredstatements="1" conditionals="0" coveredconditionals="0" methods="1" coveredmethods="1"/>
          <line num="1" count="55" type="stmt"/>
        </file>
        <file name="noop.js" path="/Users/ryuyutyo/Documents/git/verdaccio/modules/cronr/test/utils/noop.js">
          <metrics statements="0" coveredstatements="0" conditionals="0" coveredconditionals="0" methods="1" coveredmethods="0"/>
        </file>
      </package>
    </metrics>
  </project>
</coverage>
