{"/Users/ryuyutyo/Documents/git/verdaccio/modules/cronr/src/Cronr.ts": {"path":"/Users/ryuyutyo/Documents/git/verdaccio/modules/cronr/src/Cronr.ts","statementMap":{"0":{"start":{"line":2,"column":0},"end":{"line":2,"column":62}},"1":{"start":{"line":3,"column":23},"end":{"line":3,"column":48}},"2":{"start":{"line":4,"column":16},"end":{"line":4,"column":34}},"3":{"start":{"line":5,"column":24},"end":{"line":5,"column":39}},"4":{"start":{"line":6,"column":16},"end":{"line":6,"column":25}},"5":{"start":{"line":7,"column":16},"end":{"line":7,"column":25}},"6":{"start":{"line":8,"column":16},"end":{"line":8,"column":25}},"7":{"start":{"line":9,"column":14},"end":{"line":9,"column":21}},"8":{"start":{"line":16,"column":8},"end":{"line":16,"column":31}},"9":{"start":{"line":17,"column":8},"end":{"line":17,"column":21}},"10":{"start":{"line":18,"column":41},"end":{"line":18,"column":45}},"11":{"start":{"line":19,"column":8},"end":{"line":22,"column":11}},"12":{"start":{"line":23,"column":8},"end":{"line":23,"column":44}},"13":{"start":{"line":24,"column":8},"end":{"line":24,"column":35}},"14":{"start":{"line":25,"column":8},"end":{"line":25,"column":30}},"15":{"start":{"line":28,"column":8},"end":{"line":37,"column":9}},"16":{"start":{"line":30,"column":16},"end":{"line":30,"column":33}},"17":{"start":{"line":32,"column":16},"end":{"line":32,"column":41}},"18":{"start":{"line":34,"column":16},"end":{"line":34,"column":43}},"19":{"start":{"line":36,"column":16},"end":{"line":36,"column":35}},"20":{"start":{"line":40,"column":8},"end":{"line":42,"column":9}},"21":{"start":{"line":41,"column":12},"end":{"line":41,"column":51}},"22":{"start":{"line":43,"column":8},"end":{"line":45,"column":9}},"23":{"start":{"line":44,"column":12},"end":{"line":44,"column":31}},"24":{"start":{"line":46,"column":25},"end":{"line":46,"column":51}},"25":{"start":{"line":47,"column":24},"end":{"line":47,"column":59}},"26":{"start":{"line":48,"column":25},"end":{"line":53,"column":9}},"27":{"start":{"line":49,"column":12},"end":{"line":49,"column":31}},"28":{"start":{"line":50,"column":29},"end":{"line":50,"column":55}},"29":{"start":{"line":51,"column":28},"end":{"line":51,"column":63}},"30":{"start":{"line":52,"column":12},"end":{"line":52,"column":59}},"31":{"start":{"line":54,"column":8},"end":{"line":54,"column":55}},"32":{"start":{"line":57,"column":8},"end":{"line":58,"column":70}},"33":{"start":{"line":62,"column":8},"end":{"line":64,"column":9}},"34":{"start":{"line":63,"column":12},"end":{"line":63,"column":51}},"35":{"start":{"line":65,"column":8},"end":{"line":65,"column":37}},"36":{"start":{"line":66,"column":8},"end":{"line":66,"column":30}},"37":{"start":{"line":70,"column":8},"end":{"line":72,"column":9}},"38":{"start":{"line":71,"column":12},"end":{"line":71,"column":51}},"39":{"start":{"line":73,"column":8},"end":{"line":73,"column":37}},"40":{"start":{"line":74,"column":8},"end":{"line":74,"column":28}},"41":{"start":{"line":77,"column":8},"end":{"line":79,"column":9}},"42":{"start":{"line":78,"column":12},"end":{"line":78,"column":51}},"43":{"start":{"line":80,"column":8},"end":{"line":80,"column":30}},"44":{"start":{"line":81,"column":8},"end":{"line":81,"column":21}},"45":{"start":{"line":84,"column":8},"end":{"line":86,"column":9}},"46":{"start":{"line":85,"column":12},"end":{"line":85,"column":51}},"47":{"start":{"line":87,"column":8},"end":{"line":87,"column":30}},"48":{"start":{"line":88,"column":8},"end":{"line":88,"column":25}},"49":{"start":{"line":91,"column":0},"end":{"line":91,"column":24}}},"fnMap":{"0":{"name":"(anonymous_0)","decl":{"start":{"line":12,"column":4},"end":{"line":12,"column":5}},"loc":{"start":{"line":15,"column":7},"end":{"line":26,"column":5}},"line":15},"1":{"name":"(anonymous_1)","decl":{"start":{"line":27,"column":4},"end":{"line":27,"column":5}},"loc":{"start":{"line":27,"column":35},"end":{"line":38,"column":5}},"line":27},"2":{"name":"(anonymous_2)","decl":{"start":{"line":39,"column":4},"end":{"line":39,"column":5}},"loc":{"start":{"line":39,"column":18},"end":{"line":55,"column":5}},"line":39},"3":{"name":"(anonymous_3)","decl":{"start":{"line":48,"column":25},"end":{"line":48,"column":26}},"loc":{"start":{"line":48,"column":31},"end":{"line":53,"column":9}},"line":48},"4":{"name":"(anonymous_4)","decl":{"start":{"line":56,"column":4},"end":{"line":56,"column":5}},"loc":{"start":{"line":56,"column":16},"end":{"line":59,"column":5}},"line":56},"5":{"name":"(anonymous_5)","decl":{"start":{"line":61,"column":4},"end":{"line":61,"column":5}},"loc":{"start":{"line":61,"column":11},"end":{"line":67,"column":5}},"line":61},"6":{"name":"(anonymous_6)","decl":{"start":{"line":69,"column":4},"end":{"line":69,"column":5}},"loc":{"start":{"line":69,"column":12},"end":{"line":75,"column":5}},"line":69},"7":{"name":"(anonymous_7)","decl":{"start":{"line":76,"column":4},"end":{"line":76,"column":5}},"loc":{"start":{"line":76,"column":14},"end":{"line":82,"column":5}},"line":76},"8":{"name":"(anonymous_8)","decl":{"start":{"line":83,"column":4},"end":{"line":83,"column":5}},"loc":{"start":{"line":83,"column":13},"end":{"line":89,"column":5}},"line":83}},"branchMap":{"0":{"loc":{"start":{"line":12,"column":29},"end":{"line":15,"column":5}},"type":"default-arg","locations":[{"start":{"line":12,"column":36},"end":{"line":15,"column":5}}],"line":12},"1":{"loc":{"start":{"line":28,"column":8},"end":{"line":37,"column":9}},"type":"switch","locations":[{"start":{"line":29,"column":12},"end":{"line":30,"column":33}},{"start":{"line":31,"column":12},"end":{"line":32,"column":41}},{"start":{"line":33,"column":12},"end":{"line":34,"column":43}},{"start":{"line":35,"column":12},"end":{"line":36,"column":35}}],"line":28},"2":{"loc":{"start":{"line":40,"column":8},"end":{"line":42,"column":9}},"type":"if","locations":[{"start":{"line":40,"column":8},"end":{"line":42,"column":9}},{"start":{"line":40,"column":8},"end":{"line":42,"column":9}}],"line":40},"3":{"loc":{"start":{"line":43,"column":8},"end":{"line":45,"column":9}},"type":"if","locations":[{"start":{"line":43,"column":8},"end":{"line":45,"column":9}},{"start":{"line":43,"column":8},"end":{"line":45,"column":9}}],"line":43},"4":{"loc":{"start":{"line":43,"column":12},"end":{"line":43,"column":37}},"type":"binary-expr","locations":[{"start":{"line":43,"column":12},"end":{"line":43,"column":19}},{"start":{"line":43,"column":23},"end":{"line":43,"column":37}}],"line":43},"5":{"loc":{"start":{"line":62,"column":8},"end":{"line":64,"column":9}},"type":"if","locations":[{"start":{"line":62,"column":8},"end":{"line":64,"column":9}},{"start":{"line":62,"column":8},"end":{"line":64,"column":9}}],"line":62},"6":{"loc":{"start":{"line":70,"column":8},"end":{"line":72,"column":9}},"type":"if","locations":[{"start":{"line":70,"column":8},"end":{"line":72,"column":9}},{"start":{"line":70,"column":8},"end":{"line":72,"column":9}}],"line":70},"7":{"loc":{"start":{"line":70,"column":12},"end":{"line":70,"column":62}},"type":"binary-expr","locations":[{"start":{"line":70,"column":12},"end":{"line":70,"column":35}},{"start":{"line":70,"column":39},"end":{"line":70,"column":62}}],"line":70},"8":{"loc":{"start":{"line":77,"column":8},"end":{"line":79,"column":9}},"type":"if","locations":[{"start":{"line":77,"column":8},"end":{"line":79,"column":9}},{"start":{"line":77,"column":8},"end":{"line":79,"column":9}}],"line":77},"9":{"loc":{"start":{"line":84,"column":8},"end":{"line":86,"column":9}},"type":"if","locations":[{"start":{"line":84,"column":8},"end":{"line":86,"column":9}},{"start":{"line":84,"column":8},"end":{"line":86,"column":9}}],"line":84}},"s":{"0":1,"1":1,"2":1,"3":1,"4":1,"5":1,"6":1,"7":1,"8":1,"9":1,"10":1,"11":1,"12":1,"13":1,"14":1,"15":0,"16":0,"17":0,"18":0,"19":0,"20":0,"21":0,"22":0,"23":0,"24":0,"25":0,"26":0,"27":0,"28":0,"29":0,"30":0,"31":0,"32":0,"33":0,"34":0,"35":0,"36":0,"37":0,"38":0,"39":0,"40":0,"41":0,"42":0,"43":0,"44":0,"45":0,"46":0,"47":0,"48":0,"49":1},"f":{"0":1,"1":0,"2":0,"3":0,"4":0,"5":0,"6":0,"7":0,"8":0},"b":{"0":[1],"1":[0,0,0,0],"2":[0,0],"3":[0,0],"4":[0,0],"5":[0,0],"6":[0,0],"7":[0,0],"8":[0,0],"9":[0,0]},"_coverageSchema":"332fd63041d2c1bcb487cc26dd0d5f7d97098a6c","hash":"8e5a6952faea390cb8d50f10a7eca59eb6b4b6f7"}
,"/Users/ryuyutyo/Documents/git/verdaccio/modules/cronr/src/CronrCounter.ts": {"path":"/Users/ryuyutyo/Documents/git/verdaccio/modules/cronr/src/CronrCounter.ts","statementMap":{"0":{"start":{"line":2,"column":13},"end":{"line":10,"column":1}},"1":{"start":{"line":3,"column":12},"end":{"line":3,"column":14}},"2":{"start":{"line":4,"column":4},"end":{"line":5,"column":20}},"3":{"start":{"line":4,"column":21},"end":{"line":5,"column":20}},"4":{"start":{"line":5,"column":8},"end":{"line":5,"column":20}},"5":{"start":{"line":6,"column":4},"end":{"line":8,"column":30}},"6":{"start":{"line":7,"column":8},"end":{"line":8,"column":30}},"7":{"start":{"line":7,"column":80},"end":{"line":8,"column":30}},"8":{"start":{"line":8,"column":12},"end":{"line":8,"column":30}},"9":{"start":{"line":9,"column":4},"end":{"line":9,"column":13}},"10":{"start":{"line":11,"column":0},"end":{"line":11,"column":62}},"11":{"start":{"line":12,"column":19},"end":{"line":12,"column":40}},"12":{"start":{"line":15,"column":25},"end":{"line":15,"column":29}},"13":{"start":{"line":15,"column":38},"end":{"line":15,"column":60}},"14":{"start":{"line":16,"column":8},"end":{"line":16,"column":25}},"15":{"start":{"line":17,"column":8},"end":{"line":17,"column":53}},"16":{"start":{"line":18,"column":8},"end":{"line":18,"column":55}},"17":{"start":{"line":21,"column":0},"end":{"line":21,"column":31}}},"fnMap":{"0":{"name":"(anonymous_0)","decl":{"start":{"line":2,"column":38},"end":{"line":2,"column":39}},"loc":{"start":{"line":2,"column":54},"end":{"line":10,"column":1}},"line":2},"1":{"name":"(anonymous_1)","decl":{"start":{"line":14,"column":4},"end":{"line":14,"column":5}},"loc":{"start":{"line":14,"column":22},"end":{"line":19,"column":5}},"line":14}},"branchMap":{"0":{"loc":{"start":{"line":2,"column":13},"end":{"line":10,"column":1}},"type":"binary-expr","locations":[{"start":{"line":2,"column":14},"end":{"line":2,"column":18}},{"start":{"line":2,"column":22},"end":{"line":2,"column":33}},{"start":{"line":2,"column":38},"end":{"line":10,"column":1}}],"line":2},"1":{"loc":{"start":{"line":4,"column":21},"end":{"line":5,"column":20}},"type":"if","locations":[{"start":{"line":4,"column":21},"end":{"line":5,"column":20}},{"start":{"line":4,"column":21},"end":{"line":5,"column":20}}],"line":4},"2":{"loc":{"start":{"line":4,"column":25},"end":{"line":4,"column":87}},"type":"binary-expr","locations":[{"start":{"line":4,"column":25},"end":{"line":4,"column":67}},{"start":{"line":4,"column":71},"end":{"line":4,"column":87}}],"line":4},"3":{"loc":{"start":{"line":6,"column":4},"end":{"line":8,"column":30}},"type":"if","locations":[{"start":{"line":6,"column":4},"end":{"line":8,"column":30}},{"start":{"line":6,"column":4},"end":{"line":8,"column":30}}],"line":6},"4":{"loc":{"start":{"line":6,"column":8},"end":{"line":6,"column":71}},"type":"binary-expr","locations":[{"start":{"line":6,"column":8},"end":{"line":6,"column":17}},{"start":{"line":6,"column":21},"end":{"line":6,"column":71}}],"line":6},"5":{"loc":{"start":{"line":7,"column":80},"end":{"line":8,"column":30}},"type":"if","locations":[{"start":{"line":7,"column":80},"end":{"line":8,"column":30}},{"start":{"line":7,"column":80},"end":{"line":8,"column":30}}],"line":7}},"s":{"0":3,"1":25,"2":25,"3":74,"4":50,"5":25,"6":25,"7":0,"8":0,"9":25,"10":3,"11":3,"12":25,"13":25,"14":25,"15":25,"16":25,"17":3},"f":{"0":25,"1":25},"b":{"0":[3,3,3],"1":[50,24],"2":[74,74],"3":[25,0],"4":[25,25],"5":[0,0]},"_coverageSchema":"332fd63041d2c1bcb487cc26dd0d5f7d97098a6c","hash":"03d00df992929b3c7de4bfafbddf4f36bedebc93"}
,"/Users/ryuyutyo/Documents/git/verdaccio/modules/cronr/src/Pattern.ts": {"path":"/Users/ryuyutyo/Documents/git/verdaccio/modules/cronr/src/Pattern.ts","statementMap":{"0":{"start":{"line":2,"column":0},"end":{"line":2,"column":62}},"1":{"start":{"line":3,"column":16},"end":{"line":3,"column":34}},"2":{"start":{"line":4,"column":15},"end":{"line":4,"column":32}},"3":{"start":{"line":5,"column":26},"end":{"line":5,"column":52}},"4":{"start":{"line":6,"column":21},"end":{"line":6,"column":43}},"5":{"start":{"line":7,"column":21},"end":{"line":7,"column":42}},"6":{"start":{"line":10,"column":8},"end":{"line":10,"column":52}},"7":{"start":{"line":11,"column":8},"end":{"line":11,"column":47}},"8":{"start":{"line":12,"column":8},"end":{"line":12,"column":47}},"9":{"start":{"line":13,"column":8},"end":{"line":13,"column":45}},"10":{"start":{"line":14,"column":8},"end":{"line":14,"column":44}},"11":{"start":{"line":15,"column":8},"end":{"line":15,"column":46}},"12":{"start":{"line":16,"column":8},"end":{"line":16,"column":48}},"13":{"start":{"line":17,"column":8},"end":{"line":17,"column":31}},"14":{"start":{"line":18,"column":8},"end":{"line":18,"column":38}},"15":{"start":{"line":21,"column":25},"end":{"line":21,"column":45}},"16":{"start":{"line":22,"column":8},"end":{"line":22,"column":29}},"17":{"start":{"line":23,"column":8},"end":{"line":23,"column":24}},"18":{"start":{"line":26,"column":8},"end":{"line":26,"column":39}},"19":{"start":{"line":32,"column":20},"end":{"line":32,"column":48}},"20":{"start":{"line":33,"column":16},"end":{"line":33,"column":17}},"21":{"start":{"line":34,"column":8},"end":{"line":38,"column":9}},"22":{"start":{"line":35,"column":12},"end":{"line":37,"column":13}},"23":{"start":{"line":36,"column":16},"end":{"line":36,"column":22}},"24":{"start":{"line":39,"column":8},"end":{"line":42,"column":9}},"25":{"start":{"line":40,"column":28},"end":{"line":40,"column":77}},"26":{"start":{"line":41,"column":12},"end":{"line":41,"column":32}},"27":{"start":{"line":43,"column":8},"end":{"line":52,"column":9}},"28":{"start":{"line":45,"column":16},"end":{"line":45,"column":25}},"29":{"start":{"line":47,"column":16},"end":{"line":47,"column":32}},"30":{"start":{"line":49,"column":16},"end":{"line":49,"column":37}},"31":{"start":{"line":51,"column":16},"end":{"line":51,"column":25}},"32":{"start":{"line":55,"column":20},"end":{"line":55,"column":39}},"33":{"start":{"line":56,"column":20},"end":{"line":56,"column":32}},"34":{"start":{"line":57,"column":8},"end":{"line":58,"column":47}},"35":{"start":{"line":58,"column":12},"end":{"line":58,"column":47}},"36":{"start":{"line":59,"column":8},"end":{"line":62,"column":9}},"37":{"start":{"line":60,"column":12},"end":{"line":60,"column":45}},"38":{"start":{"line":61,"column":12},"end":{"line":61,"column":37}},"39":{"start":{"line":63,"column":8},"end":{"line":66,"column":9}},"40":{"start":{"line":64,"column":12},"end":{"line":64,"column":40}},"41":{"start":{"line":65,"column":12},"end":{"line":65,"column":37}},"42":{"start":{"line":67,"column":8},"end":{"line":67,"column":38}},"43":{"start":{"line":68,"column":8},"end":{"line":68,"column":118}},"44":{"start":{"line":68,"column":36},"end":{"line":68,"column":115}},"45":{"start":{"line":71,"column":0},"end":{"line":71,"column":26}}},"fnMap":{"0":{"name":"(anonymous_0)","decl":{"start":{"line":9,"column":4},"end":{"line":9,"column":5}},"loc":{"start":{"line":9,"column":25},"end":{"line":19,"column":5}},"line":9},"1":{"name":"(anonymous_1)","decl":{"start":{"line":20,"column":4},"end":{"line":20,"column":5}},"loc":{"start":{"line":20,"column":27},"end":{"line":24,"column":5}},"line":20},"2":{"name":"(anonymous_2)","decl":{"start":{"line":25,"column":4},"end":{"line":25,"column":5}},"loc":{"start":{"line":25,"column":19},"end":{"line":27,"column":5}},"line":25},"3":{"name":"(anonymous_3)","decl":{"start":{"line":31,"column":4},"end":{"line":31,"column":5}},"loc":{"start":{"line":31,"column":18},"end":{"line":53,"column":5}},"line":31},"4":{"name":"(anonymous_4)","decl":{"start":{"line":54,"column":4},"end":{"line":54,"column":5}},"loc":{"start":{"line":54,"column":16},"end":{"line":69,"column":5}},"line":54},"5":{"name":"(anonymous_5)","decl":{"start":{"line":68,"column":22},"end":{"line":68,"column":23}},"loc":{"start":{"line":68,"column":36},"end":{"line":68,"column":115}},"line":68}},"branchMap":{"0":{"loc":{"start":{"line":35,"column":12},"end":{"line":37,"column":13}},"type":"if","locations":[{"start":{"line":35,"column":12},"end":{"line":37,"column":13}},{"start":{"line":35,"column":12},"end":{"line":37,"column":13}}],"line":35},"1":{"loc":{"start":{"line":39,"column":8},"end":{"line":42,"column":9}},"type":"if","locations":[{"start":{"line":39,"column":8},"end":{"line":42,"column":9}},{"start":{"line":39,"column":8},"end":{"line":42,"column":9}}],"line":39},"2":{"loc":{"start":{"line":43,"column":8},"end":{"line":52,"column":9}},"type":"switch","locations":[{"start":{"line":44,"column":12},"end":{"line":45,"column":25}},{"start":{"line":46,"column":12},"end":{"line":47,"column":32}},{"start":{"line":48,"column":12},"end":{"line":49,"column":37}},{"start":{"line":50,"column":12},"end":{"line":51,"column":25}}],"line":43},"3":{"loc":{"start":{"line":57,"column":8},"end":{"line":58,"column":47}},"type":"if","locations":[{"start":{"line":57,"column":8},"end":{"line":58,"column":47}},{"start":{"line":57,"column":8},"end":{"line":58,"column":47}}],"line":57},"4":{"loc":{"start":{"line":57,"column":12},"end":{"line":57,"column":30}},"type":"binary-expr","locations":[{"start":{"line":57,"column":12},"end":{"line":57,"column":19}},{"start":{"line":57,"column":23},"end":{"line":57,"column":30}}],"line":57},"5":{"loc":{"start":{"line":59,"column":8},"end":{"line":62,"column":9}},"type":"if","locations":[{"start":{"line":59,"column":8},"end":{"line":62,"column":9}},{"start":{"line":59,"column":8},"end":{"line":62,"column":9}}],"line":59},"6":{"loc":{"start":{"line":63,"column":8},"end":{"line":66,"column":9}},"type":"if","locations":[{"start":{"line":63,"column":8},"end":{"line":66,"column":9}},{"start":{"line":63,"column":8},"end":{"line":66,"column":9}}],"line":63}},"s":{"0":4,"1":4,"2":4,"3":4,"4":4,"5":4,"6":44,"7":44,"8":44,"9":44,"10":44,"11":44,"12":44,"13":44,"14":44,"15":44,"16":44,"17":44,"18":44,"19":54,"20":54,"21":54,"22":186,"23":45,"24":54,"25":45,"26":45,"27":9,"28":3,"29":3,"30":3,"31":0,"32":44,"33":44,"34":44,"35":0,"36":44,"37":1,"38":1,"39":44,"40":42,"41":42,"42":44,"43":44,"44":308,"45":4},"f":{"0":44,"1":44,"2":44,"3":54,"4":44,"5":308},"b":{"0":[45,141],"1":[45,9],"2":[3,3,3,0],"3":[0,44],"4":[44,44],"5":[1,43],"6":[42,2]},"_coverageSchema":"332fd63041d2c1bcb487cc26dd0d5f7d97098a6c","hash":"92031dd397de29674736871ed611784a569dbcf8"}
,"/Users/ryuyutyo/Documents/git/verdaccio/modules/cronr/src/Resolver.ts": {"path":"/Users/ryuyutyo/Documents/git/verdaccio/modules/cronr/src/Resolver.ts","statementMap":{"0":{"start":{"line":2,"column":0},"end":{"line":2,"column":62}},"1":{"start":{"line":3,"column":18},"end":{"line":3,"column":38}},"2":{"start":{"line":4,"column":16},"end":{"line":4,"column":34}},"3":{"start":{"line":5,"column":15},"end":{"line":5,"column":32}},"4":{"start":{"line":6,"column":25},"end":{"line":6,"column":58}},"5":{"start":{"line":7,"column":29},"end":{"line":7,"column":44}},"6":{"start":{"line":10,"column":32},"end":{"line":10,"column":36}},"7":{"start":{"line":11,"column":32},"end":{"line":11,"column":65}},"8":{"start":{"line":12,"column":110},"end":{"line":12,"column":125}},"9":{"start":{"line":13,"column":8},"end":{"line":13,"column":39}},"10":{"start":{"line":14,"column":8},"end":{"line":14,"column":49}},"11":{"start":{"line":15,"column":8},"end":{"line":15,"column":39}},"12":{"start":{"line":16,"column":8},"end":{"line":16,"column":39}},"13":{"start":{"line":17,"column":8},"end":{"line":17,"column":35}},"14":{"start":{"line":18,"column":8},"end":{"line":18,"column":33}},"15":{"start":{"line":19,"column":8},"end":{"line":19,"column":37}},"16":{"start":{"line":20,"column":8},"end":{"line":20,"column":41}},"17":{"start":{"line":22,"column":8},"end":{"line":22,"column":41}},"18":{"start":{"line":25,"column":8},"end":{"line":25,"column":49}},"19":{"start":{"line":26,"column":8},"end":{"line":26,"column":27}},"20":{"start":{"line":29,"column":8},"end":{"line":39,"column":10}},"21":{"start":{"line":31,"column":33},"end":{"line":31,"column":54}},"22":{"start":{"line":32,"column":29},"end":{"line":32,"column":55}},"23":{"start":{"line":33,"column":16},"end":{"line":33,"column":59}},"24":{"start":{"line":34,"column":16},"end":{"line":37,"column":18}},"25":{"start":{"line":46,"column":20},"end":{"line":46,"column":39}},"26":{"start":{"line":47,"column":8},"end":{"line":47,"column":54}},"27":{"start":{"line":48,"column":8},"end":{"line":48,"column":23}},"28":{"start":{"line":51,"column":22},"end":{"line":51,"column":48}},"29":{"start":{"line":52,"column":18},"end":{"line":52,"column":23}},"30":{"start":{"line":53,"column":8},"end":{"line":55,"column":9}},"31":{"start":{"line":54,"column":12},"end":{"line":54,"column":28}},"32":{"start":{"line":56,"column":8},"end":{"line":62,"column":9}},"33":{"start":{"line":57,"column":25},"end":{"line":57,"column":40}},"34":{"start":{"line":58,"column":26},"end":{"line":58,"column":51}},"35":{"start":{"line":59,"column":28},"end":{"line":59,"column":51}},"36":{"start":{"line":60,"column":39},"end":{"line":60,"column":46}},"37":{"start":{"line":61,"column":12},"end":{"line":61,"column":31}},"38":{"start":{"line":65,"column":22},"end":{"line":65,"column":48}},"39":{"start":{"line":66,"column":18},"end":{"line":66,"column":23}},"40":{"start":{"line":67,"column":8},"end":{"line":69,"column":9}},"41":{"start":{"line":68,"column":12},"end":{"line":68,"column":28}},"42":{"start":{"line":70,"column":8},"end":{"line":78,"column":9}},"43":{"start":{"line":71,"column":25},"end":{"line":71,"column":40}},"44":{"start":{"line":72,"column":26},"end":{"line":72,"column":51}},"45":{"start":{"line":73,"column":26},"end":{"line":73,"column":60}},"46":{"start":{"line":74,"column":29},"end":{"line":74,"column":70}},"47":{"start":{"line":75,"column":28},"end":{"line":75,"column":51}},"48":{"start":{"line":76,"column":34},"end":{"line":76,"column":41}},"49":{"start":{"line":77,"column":12},"end":{"line":77,"column":36}},"50":{"start":{"line":81,"column":22},"end":{"line":81,"column":48}},"51":{"start":{"line":82,"column":22},"end":{"line":82,"column":47}},"52":{"start":{"line":83,"column":21},"end":{"line":83,"column":49}},"53":{"start":{"line":84,"column":22},"end":{"line":84,"column":32}},"54":{"start":{"line":85,"column":8},"end":{"line":112,"column":9}},"55":{"start":{"line":86,"column":12},"end":{"line":111,"column":13}},"56":{"start":{"line":87,"column":35},"end":{"line":87,"column":84}},"57":{"start":{"line":88,"column":38},"end":{"line":88,"column":61}},"58":{"start":{"line":89,"column":16},"end":{"line":89,"column":42}},"59":{"start":{"line":90,"column":16},"end":{"line":90,"column":57}},"60":{"start":{"line":91,"column":16},"end":{"line":91,"column":72}},"61":{"start":{"line":92,"column":16},"end":{"line":92,"column":23}},"62":{"start":{"line":95,"column":16},"end":{"line":109,"column":17}},"63":{"start":{"line":96,"column":39},"end":{"line":96,"column":62}},"64":{"start":{"line":97,"column":40},"end":{"line":97,"column":71}},"65":{"start":{"line":98,"column":42},"end":{"line":98,"column":71}},"66":{"start":{"line":99,"column":40},"end":{"line":99,"column":56}},"67":{"start":{"line":100,"column":20},"end":{"line":100,"column":51}},"68":{"start":{"line":101,"column":20},"end":{"line":101,"column":67}},"69":{"start":{"line":102,"column":20},"end":{"line":102,"column":50}},"70":{"start":{"line":105,"column":33},"end":{"line":105,"column":49}},"71":{"start":{"line":106,"column":20},"end":{"line":106,"column":45}},"72":{"start":{"line":107,"column":20},"end":{"line":107,"column":67}},"73":{"start":{"line":108,"column":20},"end":{"line":108,"column":82}},"74":{"start":{"line":110,"column":16},"end":{"line":110,"column":23}},"75":{"start":{"line":113,"column":8},"end":{"line":115,"column":9}},"76":{"start":{"line":114,"column":12},"end":{"line":114,"column":55}},"77":{"start":{"line":118,"column":21},"end":{"line":118,"column":31}},"78":{"start":{"line":119,"column":8},"end":{"line":121,"column":9}},"79":{"start":{"line":120,"column":12},"end":{"line":120,"column":49}},"80":{"start":{"line":122,"column":29},"end":{"line":122,"column":59}},"81":{"start":{"line":123,"column":27},"end":{"line":123,"column":40}},"82":{"start":{"line":124,"column":31},"end":{"line":124,"column":51}},"83":{"start":{"line":125,"column":8},"end":{"line":126,"column":24}},"84":{"start":{"line":126,"column":12},"end":{"line":126,"column":24}},"85":{"start":{"line":127,"column":25},"end":{"line":127,"column":54}},"86":{"start":{"line":128,"column":29},"end":{"line":128,"column":72}},"87":{"start":{"line":129,"column":8},"end":{"line":130,"column":28}},"88":{"start":{"line":130,"column":12},"end":{"line":130,"column":28}},"89":{"start":{"line":131,"column":8},"end":{"line":132,"column":32}},"90":{"start":{"line":132,"column":12},"end":{"line":132,"column":32}},"91":{"start":{"line":133,"column":8},"end":{"line":133,"column":40}},"92":{"start":{"line":136,"column":21},"end":{"line":136,"column":31}},"93":{"start":{"line":137,"column":8},"end":{"line":139,"column":9}},"94":{"start":{"line":138,"column":12},"end":{"line":138,"column":61}},"95":{"start":{"line":140,"column":21},"end":{"line":140,"column":49}},"96":{"start":{"line":141,"column":29},"end":{"line":141,"column":59}},"97":{"start":{"line":142,"column":27},"end":{"line":142,"column":40}},"98":{"start":{"line":143,"column":31},"end":{"line":143,"column":51}},"99":{"start":{"line":144,"column":8},"end":{"line":145,"column":25}},"100":{"start":{"line":145,"column":12},"end":{"line":145,"column":25}},"101":{"start":{"line":146,"column":25},"end":{"line":146,"column":54}},"102":{"start":{"line":147,"column":29},"end":{"line":147,"column":72}},"103":{"start":{"line":148,"column":31},"end":{"line":148,"column":35}},"104":{"start":{"line":149,"column":35},"end":{"line":149,"column":39}},"105":{"start":{"line":150,"column":8},"end":{"line":156,"column":9}},"106":{"start":{"line":151,"column":12},"end":{"line":151,"column":73}},"107":{"start":{"line":154,"column":12},"end":{"line":155,"column":26}},"108":{"start":{"line":155,"column":16},"end":{"line":155,"column":26}},"109":{"start":{"line":157,"column":8},"end":{"line":158,"column":36}},"110":{"start":{"line":158,"column":12},"end":{"line":158,"column":36}},"111":{"start":{"line":159,"column":8},"end":{"line":165,"column":9}},"112":{"start":{"line":160,"column":12},"end":{"line":160,"column":94}},"113":{"start":{"line":163,"column":12},"end":{"line":164,"column":26}},"114":{"start":{"line":164,"column":16},"end":{"line":164,"column":26}},"115":{"start":{"line":166,"column":8},"end":{"line":167,"column":40}},"116":{"start":{"line":167,"column":12},"end":{"line":167,"column":40}},"117":{"start":{"line":168,"column":8},"end":{"line":170,"column":9}},"118":{"start":{"line":169,"column":12},"end":{"line":169,"column":68}},"119":{"start":{"line":171,"column":8},"end":{"line":171,"column":53}},"120":{"start":{"line":174,"column":8},"end":{"line":174,"column":36}},"121":{"start":{"line":177,"column":0},"end":{"line":177,"column":27}}},"fnMap":{"0":{"name":"(anonymous_0)","decl":{"start":{"line":9,"column":4},"end":{"line":9,"column":5}},"loc":{"start":{"line":9,"column":22},"end":{"line":27,"column":5}},"line":9},"1":{"name":"(anonymous_1)","decl":{"start":{"line":28,"column":4},"end":{"line":28,"column":5}},"loc":{"start":{"line":28,"column":24},"end":{"line":40,"column":5}},"line":28},"2":{"name":"(anonymous_2)","decl":{"start":{"line":30,"column":18},"end":{"line":30,"column":19}},"loc":{"start":{"line":30,"column":24},"end":{"line":38,"column":13}},"line":30},"3":{"name":"(anonymous_3)","decl":{"start":{"line":45,"column":4},"end":{"line":45,"column":5}},"loc":{"start":{"line":45,"column":21},"end":{"line":49,"column":5}},"line":45},"4":{"name":"(anonymous_4)","decl":{"start":{"line":50,"column":4},"end":{"line":50,"column":5}},"loc":{"start":{"line":50,"column":51},"end":{"line":63,"column":5}},"line":50},"5":{"name":"(anonymous_5)","decl":{"start":{"line":64,"column":4},"end":{"line":64,"column":5}},"loc":{"start":{"line":64,"column":66},"end":{"line":79,"column":5}},"line":64},"6":{"name":"(anonymous_6)","decl":{"start":{"line":80,"column":4},"end":{"line":80,"column":5}},"loc":{"start":{"line":80,"column":23},"end":{"line":116,"column":5}},"line":80},"7":{"name":"(anonymous_7)","decl":{"start":{"line":117,"column":4},"end":{"line":117,"column":5}},"loc":{"start":{"line":117,"column":48},"end":{"line":134,"column":5}},"line":117},"8":{"name":"(anonymous_8)","decl":{"start":{"line":135,"column":4},"end":{"line":135,"column":5}},"loc":{"start":{"line":135,"column":49},"end":{"line":172,"column":5}},"line":135},"9":{"name":"(anonymous_9)","decl":{"start":{"line":173,"column":4},"end":{"line":173,"column":5}},"loc":{"start":{"line":173,"column":25},"end":{"line":175,"column":5}},"line":173}},"branchMap":{"0":{"loc":{"start":{"line":22,"column":24},"end":{"line":22,"column":40}},"type":"binary-expr","locations":[{"start":{"line":22,"column":24},"end":{"line":22,"column":26}},{"start":{"line":22,"column":30},"end":{"line":22,"column":40}}],"line":22},"1":{"loc":{"start":{"line":53,"column":8},"end":{"line":55,"column":9}},"type":"if","locations":[{"start":{"line":53,"column":8},"end":{"line":55,"column":9}},{"start":{"line":53,"column":8},"end":{"line":55,"column":9}}],"line":53},"2":{"loc":{"start":{"line":67,"column":8},"end":{"line":69,"column":9}},"type":"if","locations":[{"start":{"line":67,"column":8},"end":{"line":69,"column":9}},{"start":{"line":67,"column":8},"end":{"line":69,"column":9}}],"line":67},"3":{"loc":{"start":{"line":85,"column":8},"end":{"line":112,"column":9}},"type":"if","locations":[{"start":{"line":85,"column":8},"end":{"line":112,"column":9}},{"start":{"line":85,"column":8},"end":{"line":112,"column":9}}],"line":85},"4":{"loc":{"start":{"line":95,"column":16},"end":{"line":109,"column":17}},"type":"if","locations":[{"start":{"line":95,"column":16},"end":{"line":109,"column":17}},{"start":{"line":95,"column":16},"end":{"line":109,"column":17}}],"line":95},"5":{"loc":{"start":{"line":113,"column":8},"end":{"line":115,"column":9}},"type":"if","locations":[{"start":{"line":113,"column":8},"end":{"line":115,"column":9}},{"start":{"line":113,"column":8},"end":{"line":115,"column":9}}],"line":113},"6":{"loc":{"start":{"line":119,"column":8},"end":{"line":121,"column":9}},"type":"if","locations":[{"start":{"line":119,"column":8},"end":{"line":121,"column":9}},{"start":{"line":119,"column":8},"end":{"line":121,"column":9}}],"line":119},"7":{"loc":{"start":{"line":125,"column":8},"end":{"line":126,"column":24}},"type":"if","locations":[{"start":{"line":125,"column":8},"end":{"line":126,"column":24}},{"start":{"line":125,"column":8},"end":{"line":126,"column":24}}],"line":125},"8":{"loc":{"start":{"line":125,"column":12},"end":{"line":125,"column":56}},"type":"binary-expr","locations":[{"start":{"line":125,"column":12},"end":{"line":125,"column":34}},{"start":{"line":125,"column":38},"end":{"line":125,"column":56}}],"line":125},"9":{"loc":{"start":{"line":129,"column":8},"end":{"line":130,"column":28}},"type":"if","locations":[{"start":{"line":129,"column":8},"end":{"line":130,"column":28}},{"start":{"line":129,"column":8},"end":{"line":130,"column":28}}],"line":129},"10":{"loc":{"start":{"line":129,"column":12},"end":{"line":129,"column":56}},"type":"binary-expr","locations":[{"start":{"line":129,"column":12},"end":{"line":129,"column":34}},{"start":{"line":129,"column":38},"end":{"line":129,"column":56}}],"line":129},"11":{"loc":{"start":{"line":131,"column":8},"end":{"line":132,"column":32}},"type":"if","locations":[{"start":{"line":131,"column":8},"end":{"line":132,"column":32}},{"start":{"line":131,"column":8},"end":{"line":132,"column":32}}],"line":131},"12":{"loc":{"start":{"line":131,"column":12},"end":{"line":131,"column":56}},"type":"binary-expr","locations":[{"start":{"line":131,"column":12},"end":{"line":131,"column":34}},{"start":{"line":131,"column":38},"end":{"line":131,"column":56}}],"line":131},"13":{"loc":{"start":{"line":133,"column":15},"end":{"line":133,"column":39}},"type":"binary-expr","locations":[{"start":{"line":133,"column":15},"end":{"line":133,"column":23}},{"start":{"line":133,"column":27},"end":{"line":133,"column":39}}],"line":133},"14":{"loc":{"start":{"line":137,"column":8},"end":{"line":139,"column":9}},"type":"if","locations":[{"start":{"line":137,"column":8},"end":{"line":139,"column":9}},{"start":{"line":137,"column":8},"end":{"line":139,"column":9}}],"line":137},"15":{"loc":{"start":{"line":144,"column":8},"end":{"line":145,"column":25}},"type":"if","locations":[{"start":{"line":144,"column":8},"end":{"line":145,"column":25}},{"start":{"line":144,"column":8},"end":{"line":145,"column":25}}],"line":144},"16":{"loc":{"start":{"line":144,"column":12},"end":{"line":144,"column":56}},"type":"binary-expr","locations":[{"start":{"line":144,"column":12},"end":{"line":144,"column":34}},{"start":{"line":144,"column":38},"end":{"line":144,"column":56}}],"line":144},"17":{"loc":{"start":{"line":154,"column":12},"end":{"line":155,"column":26}},"type":"if","locations":[{"start":{"line":154,"column":12},"end":{"line":155,"column":26}},{"start":{"line":154,"column":12},"end":{"line":155,"column":26}}],"line":154},"18":{"loc":{"start":{"line":154,"column":16},"end":{"line":154,"column":60}},"type":"binary-expr","locations":[{"start":{"line":154,"column":16},"end":{"line":154,"column":38}},{"start":{"line":154,"column":42},"end":{"line":154,"column":60}}],"line":154},"19":{"loc":{"start":{"line":157,"column":8},"end":{"line":158,"column":36}},"type":"if","locations":[{"start":{"line":157,"column":8},"end":{"line":158,"column":36}},{"start":{"line":157,"column":8},"end":{"line":158,"column":36}}],"line":157},"20":{"loc":{"start":{"line":157,"column":12},"end":{"line":157,"column":56}},"type":"binary-expr","locations":[{"start":{"line":157,"column":12},"end":{"line":157,"column":34}},{"start":{"line":157,"column":38},"end":{"line":157,"column":56}}],"line":157},"21":{"loc":{"start":{"line":163,"column":12},"end":{"line":164,"column":26}},"type":"if","locations":[{"start":{"line":163,"column":12},"end":{"line":164,"column":26}},{"start":{"line":163,"column":12},"end":{"line":164,"column":26}}],"line":163},"22":{"loc":{"start":{"line":163,"column":16},"end":{"line":163,"column":60}},"type":"binary-expr","locations":[{"start":{"line":163,"column":16},"end":{"line":163,"column":38}},{"start":{"line":163,"column":42},"end":{"line":163,"column":60}}],"line":163},"23":{"loc":{"start":{"line":166,"column":8},"end":{"line":167,"column":40}},"type":"if","locations":[{"start":{"line":166,"column":8},"end":{"line":167,"column":40}},{"start":{"line":166,"column":8},"end":{"line":167,"column":40}}],"line":166},"24":{"loc":{"start":{"line":166,"column":12},"end":{"line":166,"column":56}},"type":"binary-expr","locations":[{"start":{"line":166,"column":12},"end":{"line":166,"column":34}},{"start":{"line":166,"column":38},"end":{"line":166,"column":56}}],"line":166},"25":{"loc":{"start":{"line":168,"column":8},"end":{"line":170,"column":9}},"type":"if","locations":[{"start":{"line":168,"column":8},"end":{"line":170,"column":9}},{"start":{"line":168,"column":8},"end":{"line":170,"column":9}}],"line":168},"26":{"loc":{"start":{"line":168,"column":12},"end":{"line":168,"column":52}},"type":"binary-expr","locations":[{"start":{"line":168,"column":12},"end":{"line":168,"column":28}},{"start":{"line":168,"column":32},"end":{"line":168,"column":52}}],"line":168}},"s":{"0":3,"1":3,"2":3,"3":3,"4":3,"5":3,"6":25,"7":25,"8":25,"9":25,"10":25,"11":25,"12":25,"13":25,"14":25,"15":25,"16":25,"17":25,"18":25,"19":25,"20":25,"21":54,"22":54,"23":54,"24":54,"25":54,"26":54,"27":54,"28":72,"29":72,"30":72,"31":3,"32":72,"33":228,"34":228,"35":228,"36":228,"37":228,"38":43,"39":43,"40":43,"41":3,"42":43,"43":132,"44":132,"45":132,"46":132,"47":131,"48":131,"49":131,"50":259,"51":259,"52":259,"53":259,"54":259,"55":69,"56":69,"57":39,"58":39,"59":39,"60":39,"61":39,"62":30,"63":28,"64":28,"65":28,"66":28,"67":28,"68":28,"69":28,"70":2,"71":2,"72":2,"73":2,"74":30,"75":190,"76":177,"77":259,"78":259,"79":203,"80":56,"81":56,"82":56,"83":56,"84":21,"85":35,"86":35,"87":35,"88":10,"89":25,"90":9,"91":16,"92":69,"93":69,"94":57,"95":12,"96":12,"97":12,"98":12,"99":12,"100":0,"101":12,"102":12,"103":12,"104":12,"105":12,"106":12,"107":4,"108":1,"109":11,"110":1,"111":10,"112":10,"113":3,"114":0,"115":10,"116":2,"117":8,"118":5,"119":3,"120":715,"121":3},"f":{"0":25,"1":25,"2":54,"3":54,"4":72,"5":43,"6":259,"7":259,"8":69,"9":715},"b":{"0":[25,0],"1":[3,69],"2":[3,40],"3":[69,190],"4":[28,2],"5":[177,13],"6":[203,56],"7":[21,35],"8":[56,31],"9":[10,25],"10":[35,10],"11":[9,16],"12":[25,25],"13":[16,12],"14":[57,12],"15":[0,12],"16":[12,2],"17":[1,3],"18":[4,1],"19":[1,10],"20":[11,1],"21":[0,3],"22":[3,3],"23":[2,8],"24":[10,10],"25":[5,3],"26":[8,5]},"_coverageSchema":"332fd63041d2c1bcb487cc26dd0d5f7d97098a6c","hash":"626f5d264f172950b56fce7654d4b96ead5b458c"}
,"/Users/ryuyutyo/Documents/git/verdaccio/modules/cronr/src/Token.ts": {"path":"/Users/ryuyutyo/Documents/git/verdaccio/modules/cronr/src/Token.ts","statementMap":{"0":{"start":{"line":2,"column":0},"end":{"line":2,"column":62}},"1":{"start":{"line":3,"column":22},"end":{"line":3,"column":46}},"2":{"start":{"line":4,"column":15},"end":{"line":4,"column":32}},"3":{"start":{"line":5,"column":16},"end":{"line":5,"column":34}},"4":{"start":{"line":6,"column":16},"end":{"line":6,"column":34}},"5":{"start":{"line":7,"column":25},"end":{"line":7,"column":58}},"6":{"start":{"line":8,"column":18},"end":{"line":8,"column":33}},"7":{"start":{"line":11,"column":8},"end":{"line":11,"column":31}},"8":{"start":{"line":12,"column":8},"end":{"line":12,"column":25}},"9":{"start":{"line":15,"column":8},"end":{"line":15,"column":40}},"10":{"start":{"line":18,"column":20},"end":{"line":18,"column":22}},"11":{"start":{"line":19,"column":8},"end":{"line":21,"column":9}},"12":{"start":{"line":20,"column":12},"end":{"line":20,"column":75}},"13":{"start":{"line":22,"column":8},"end":{"line":22,"column":41}},"14":{"start":{"line":25,"column":22},"end":{"line":25,"column":42}},"15":{"start":{"line":26,"column":29},"end":{"line":26,"column":82}},"16":{"start":{"line":26,"column":52},"end":{"line":26,"column":81}},"17":{"start":{"line":27,"column":27},"end":{"line":27,"column":78}},"18":{"start":{"line":27,"column":50},"end":{"line":27,"column":77}},"19":{"start":{"line":28,"column":25},"end":{"line":28,"column":76}},"20":{"start":{"line":28,"column":48},"end":{"line":28,"column":75}},"21":{"start":{"line":29,"column":8},"end":{"line":33,"column":9}},"22":{"start":{"line":30,"column":30},"end":{"line":30,"column":31}},"23":{"start":{"line":31,"column":12},"end":{"line":32,"column":28}},"24":{"start":{"line":32,"column":16},"end":{"line":32,"column":28}},"25":{"start":{"line":34,"column":19},"end":{"line":34,"column":20}},"26":{"start":{"line":35,"column":8},"end":{"line":37,"column":9}},"27":{"start":{"line":36,"column":12},"end":{"line":36,"column":39}},"28":{"start":{"line":39,"column":29},"end":{"line":39,"column":51}},"29":{"start":{"line":40,"column":22},"end":{"line":40,"column":25}},"30":{"start":{"line":41,"column":8},"end":{"line":42,"column":36}},"31":{"start":{"line":42,"column":12},"end":{"line":42,"column":36}},"32":{"start":{"line":44,"column":8},"end":{"line":51,"column":9}},"33":{"start":{"line":45,"column":12},"end":{"line":50,"column":14}},"34":{"start":{"line":52,"column":8},"end":{"line":59,"column":9}},"35":{"start":{"line":53,"column":25},"end":{"line":53,"column":44}},"36":{"start":{"line":54,"column":23},"end":{"line":54,"column":44}},"37":{"start":{"line":55,"column":12},"end":{"line":58,"column":13}},"38":{"start":{"line":56,"column":16},"end":{"line":57,"column":32}},"39":{"start":{"line":57,"column":20},"end":{"line":57,"column":32}},"40":{"start":{"line":60,"column":8},"end":{"line":60,"column":21}},"41":{"start":{"line":68,"column":29},"end":{"line":68,"column":51}},"42":{"start":{"line":69,"column":21},"end":{"line":69,"column":49}},"43":{"start":{"line":70,"column":22},"end":{"line":70,"column":25}},"44":{"start":{"line":71,"column":8},"end":{"line":75,"column":9}},"45":{"start":{"line":72,"column":25},"end":{"line":72,"column":41}},"46":{"start":{"line":73,"column":26},"end":{"line":73,"column":39}},"47":{"start":{"line":74,"column":12},"end":{"line":74,"column":36}},"48":{"start":{"line":76,"column":8},"end":{"line":80,"column":9}},"49":{"start":{"line":77,"column":12},"end":{"line":79,"column":13}},"50":{"start":{"line":78,"column":16},"end":{"line":78,"column":25}},"51":{"start":{"line":81,"column":8},"end":{"line":81,"column":84}},"52":{"start":{"line":84,"column":39},"end":{"line":84,"column":61}},"53":{"start":{"line":85,"column":21},"end":{"line":85,"column":49}},"54":{"start":{"line":86,"column":22},"end":{"line":86,"column":41}},"55":{"start":{"line":87,"column":8},"end":{"line":88,"column":19}},"56":{"start":{"line":88,"column":12},"end":{"line":88,"column":19}},"57":{"start":{"line":89,"column":21},"end":{"line":89,"column":37}},"58":{"start":{"line":90,"column":22},"end":{"line":90,"column":35}},"59":{"start":{"line":91,"column":24},"end":{"line":91,"column":43}},"60":{"start":{"line":92,"column":8},"end":{"line":99,"column":9}},"61":{"start":{"line":93,"column":32},"end":{"line":93,"column":63}},"62":{"start":{"line":94,"column":12},"end":{"line":96,"column":13}},"63":{"start":{"line":95,"column":16},"end":{"line":95,"column":25}},"64":{"start":{"line":97,"column":12},"end":{"line":97,"column":16}},"65":{"start":{"line":98,"column":12},"end":{"line":98,"column":29}},"66":{"start":{"line":100,"column":8},"end":{"line":100,"column":84}},"67":{"start":{"line":103,"column":8},"end":{"line":104,"column":83}},"68":{"start":{"line":104,"column":12},"end":{"line":104,"column":83}},"69":{"start":{"line":105,"column":8},"end":{"line":105,"column":39}},"70":{"start":{"line":108,"column":0},"end":{"line":108,"column":24}}},"fnMap":{"0":{"name":"(anonymous_0)","decl":{"start":{"line":10,"column":4},"end":{"line":10,"column":5}},"loc":{"start":{"line":10,"column":31},"end":{"line":13,"column":5}},"line":10},"1":{"name":"(anonymous_1)","decl":{"start":{"line":14,"column":4},"end":{"line":14,"column":5}},"loc":{"start":{"line":14,"column":33},"end":{"line":16,"column":5}},"line":14},"2":{"name":"(anonymous_2)","decl":{"start":{"line":17,"column":4},"end":{"line":17,"column":5}},"loc":{"start":{"line":17,"column":22},"end":{"line":23,"column":5}},"line":17},"3":{"name":"(anonymous_3)","decl":{"start":{"line":24,"column":4},"end":{"line":24,"column":5}},"loc":{"start":{"line":24,"column":31},"end":{"line":61,"column":5}},"line":24},"4":{"name":"(anonymous_4)","decl":{"start":{"line":26,"column":42},"end":{"line":26,"column":43}},"loc":{"start":{"line":26,"column":52},"end":{"line":26,"column":81}},"line":26},"5":{"name":"(anonymous_5)","decl":{"start":{"line":27,"column":40},"end":{"line":27,"column":41}},"loc":{"start":{"line":27,"column":50},"end":{"line":27,"column":77}},"line":27},"6":{"name":"(anonymous_6)","decl":{"start":{"line":28,"column":38},"end":{"line":28,"column":39}},"loc":{"start":{"line":28,"column":48},"end":{"line":28,"column":75}},"line":28},"7":{"name":"(anonymous_7)","decl":{"start":{"line":67,"column":4},"end":{"line":67,"column":5}},"loc":{"start":{"line":67,"column":40},"end":{"line":82,"column":5}},"line":67},"8":{"name":"(anonymous_8)","decl":{"start":{"line":83,"column":4},"end":{"line":83,"column":5}},"loc":{"start":{"line":83,"column":50},"end":{"line":101,"column":5}},"line":83},"9":{"name":"(anonymous_9)","decl":{"start":{"line":102,"column":4},"end":{"line":102,"column":5}},"loc":{"start":{"line":102,"column":20},"end":{"line":106,"column":5}},"line":102}},"branchMap":{"0":{"loc":{"start":{"line":19,"column":8},"end":{"line":21,"column":9}},"type":"if","locations":[{"start":{"line":19,"column":8},"end":{"line":21,"column":9}},{"start":{"line":19,"column":8},"end":{"line":21,"column":9}}],"line":19},"1":{"loc":{"start":{"line":31,"column":12},"end":{"line":32,"column":28}},"type":"if","locations":[{"start":{"line":31,"column":12},"end":{"line":32,"column":28}},{"start":{"line":31,"column":12},"end":{"line":32,"column":28}}],"line":31},"2":{"loc":{"start":{"line":35,"column":8},"end":{"line":37,"column":9}},"type":"if","locations":[{"start":{"line":35,"column":8},"end":{"line":37,"column":9}},{"start":{"line":35,"column":8},"end":{"line":37,"column":9}}],"line":35},"3":{"loc":{"start":{"line":41,"column":8},"end":{"line":42,"column":36}},"type":"if","locations":[{"start":{"line":41,"column":8},"end":{"line":42,"column":36}},{"start":{"line":41,"column":8},"end":{"line":42,"column":36}}],"line":41},"4":{"loc":{"start":{"line":41,"column":12},"end":{"line":41,"column":49}},"type":"binary-expr","locations":[{"start":{"line":41,"column":12},"end":{"line":41,"column":37}},{"start":{"line":41,"column":41},"end":{"line":41,"column":49}}],"line":41},"5":{"loc":{"start":{"line":44,"column":8},"end":{"line":51,"column":9}},"type":"if","locations":[{"start":{"line":44,"column":8},"end":{"line":51,"column":9}},{"start":{"line":44,"column":8},"end":{"line":51,"column":9}}],"line":44},"6":{"loc":{"start":{"line":44,"column":12},"end":{"line":44,"column":60}},"type":"binary-expr","locations":[{"start":{"line":44,"column":12},"end":{"line":44,"column":35}},{"start":{"line":44,"column":39},"end":{"line":44,"column":60}}],"line":44},"7":{"loc":{"start":{"line":53,"column":25},"end":{"line":53,"column":44}},"type":"binary-expr","locations":[{"start":{"line":53,"column":25},"end":{"line":53,"column":37}},{"start":{"line":53,"column":41},"end":{"line":53,"column":44}}],"line":53},"8":{"loc":{"start":{"line":54,"column":23},"end":{"line":54,"column":44}},"type":"binary-expr","locations":[{"start":{"line":54,"column":23},"end":{"line":54,"column":33}},{"start":{"line":54,"column":37},"end":{"line":54,"column":44}}],"line":54},"9":{"loc":{"start":{"line":56,"column":16},"end":{"line":57,"column":32}},"type":"if","locations":[{"start":{"line":56,"column":16},"end":{"line":57,"column":32}},{"start":{"line":56,"column":16},"end":{"line":57,"column":32}}],"line":56},"10":{"loc":{"start":{"line":71,"column":8},"end":{"line":75,"column":9}},"type":"if","locations":[{"start":{"line":71,"column":8},"end":{"line":75,"column":9}},{"start":{"line":71,"column":8},"end":{"line":75,"column":9}}],"line":71},"11":{"loc":{"start":{"line":76,"column":28},"end":{"line":76,"column":52}},"type":"binary-expr","locations":[{"start":{"line":76,"column":28},"end":{"line":76,"column":36}},{"start":{"line":76,"column":40},"end":{"line":76,"column":52}}],"line":76},"12":{"loc":{"start":{"line":77,"column":12},"end":{"line":79,"column":13}},"type":"if","locations":[{"start":{"line":77,"column":12},"end":{"line":79,"column":13}},{"start":{"line":77,"column":12},"end":{"line":79,"column":13}}],"line":77},"13":{"loc":{"start":{"line":87,"column":8},"end":{"line":88,"column":19}},"type":"if","locations":[{"start":{"line":87,"column":8},"end":{"line":88,"column":19}},{"start":{"line":87,"column":8},"end":{"line":88,"column":19}}],"line":87},"14":{"loc":{"start":{"line":92,"column":28},"end":{"line":92,"column":52}},"type":"binary-expr","locations":[{"start":{"line":92,"column":28},"end":{"line":92,"column":36}},{"start":{"line":92,"column":40},"end":{"line":92,"column":52}}],"line":92},"15":{"loc":{"start":{"line":94,"column":12},"end":{"line":96,"column":13}},"type":"if","locations":[{"start":{"line":94,"column":12},"end":{"line":96,"column":13}},{"start":{"line":94,"column":12},"end":{"line":96,"column":13}}],"line":94},"16":{"loc":{"start":{"line":103,"column":8},"end":{"line":104,"column":83}},"type":"if","locations":[{"start":{"line":103,"column":8},"end":{"line":104,"column":83}},{"start":{"line":103,"column":8},"end":{"line":104,"column":83}}],"line":103}},"s":{"0":5,"1":5,"2":5,"3":5,"4":5,"5":5,"6":5,"7":318,"8":318,"9":318,"10":2945,"11":2945,"12":150,"13":2945,"14":2329,"15":2329,"16":2737,"17":2329,"18":2737,"19":2329,"20":2737,"21":2329,"22":1720,"23":1720,"24":75,"25":2254,"26":2254,"27":581,"28":2254,"29":2254,"30":2254,"31":108,"32":2254,"33":314,"34":2254,"35":745,"36":745,"37":745,"38":4200,"39":300,"40":1954,"41":210,"42":210,"43":210,"44":210,"45":15,"46":15,"47":15,"48":210,"49":1997,"50":176,"51":34,"52":10,"53":10,"54":10,"55":10,"56":0,"57":10,"58":10,"59":10,"60":10,"61":35,"62":35,"63":7,"64":28,"65":28,"66":3,"67":2351,"68":159,"69":2351,"70":5},"f":{"0":318,"1":318,"2":2945,"3":2329,"4":2737,"5":2737,"6":2737,"7":210,"8":10,"9":2351},"b":{"0":[150,2795],"1":[75,1645],"2":[581,1673],"3":[108,2146],"4":[2254,108],"5":[314,1940],"6":[2254,1855],"7":[745,289],"8":[745,0],"9":[300,3900],"10":[15,195],"11":[2031,2031],"12":[176,1821],"13":[0,10],"14":[38,38],"15":[7,28],"16":[159,2192]},"_coverageSchema":"332fd63041d2c1bcb487cc26dd0d5f7d97098a6c","hash":"ce6d89049d20e6ae9a5cb5b92bd0bab7d699fab3"}
,"/Users/ryuyutyo/Documents/git/verdaccio/modules/cronr/src/Unit.ts": {"path":"/Users/ryuyutyo/Documents/git/verdaccio/modules/cronr/src/Unit.ts","statementMap":{"0":{"start":{"line":2,"column":0},"end":{"line":2,"column":62}},"1":{"start":{"line":3,"column":16},"end":{"line":3,"column":34}},"2":{"start":{"line":4,"column":19},"end":{"line":4,"column":34}},"3":{"start":{"line":5,"column":0},"end":{"line":13,"column":2}},"4":{"start":{"line":14,"column":22},"end":{"line":14,"column":70}},"5":{"start":{"line":15,"column":19},"end":{"line":15,"column":67}},"6":{"start":{"line":16,"column":24},"end":{"line":16,"column":43}},"7":{"start":{"line":17,"column":17},"end":{"line":17,"column":21}},"8":{"start":{"line":20,"column":81},"end":{"line":20,"column":85}},"9":{"start":{"line":21,"column":8},"end":{"line":21,"column":25}},"10":{"start":{"line":22,"column":8},"end":{"line":22,"column":27}},"11":{"start":{"line":23,"column":8},"end":{"line":23,"column":23}},"12":{"start":{"line":24,"column":8},"end":{"line":24,"column":23}},"13":{"start":{"line":25,"column":8},"end":{"line":25,"column":27}},"14":{"start":{"line":26,"column":8},"end":{"line":26,"column":25}},"15":{"start":{"line":27,"column":8},"end":{"line":27,"column":35}},"16":{"start":{"line":28,"column":8},"end":{"line":28,"column":43}},"17":{"start":{"line":31,"column":8},"end":{"line":31,"column":33}},"18":{"start":{"line":34,"column":8},"end":{"line":34,"column":38}},"19":{"start":{"line":37,"column":8},"end":{"line":37,"column":71}},"20":{"start":{"line":40,"column":8},"end":{"line":113,"column":9}},"21":{"start":{"line":41,"column":33},"end":{"line":44,"column":13}},"22":{"start":{"line":45,"column":24},"end":{"line":45,"column":28}},"23":{"start":{"line":46,"column":12},"end":{"line":111,"column":13}},"24":{"start":{"line":48,"column":20},"end":{"line":54,"column":22}},"25":{"start":{"line":55,"column":20},"end":{"line":55,"column":26}},"26":{"start":{"line":57,"column":20},"end":{"line":63,"column":22}},"27":{"start":{"line":64,"column":20},"end":{"line":64,"column":26}},"28":{"start":{"line":66,"column":20},"end":{"line":72,"column":22}},"29":{"start":{"line":73,"column":20},"end":{"line":73,"column":26}},"30":{"start":{"line":75,"column":20},"end":{"line":81,"column":22}},"31":{"start":{"line":82,"column":20},"end":{"line":82,"column":26}},"32":{"start":{"line":84,"column":20},"end":{"line":90,"column":22}},"33":{"start":{"line":91,"column":20},"end":{"line":91,"column":26}},"34":{"start":{"line":93,"column":20},"end":{"line":100,"column":22}},"35":{"start":{"line":101,"column":20},"end":{"line":101,"column":26}},"36":{"start":{"line":103,"column":20},"end":{"line":109,"column":22}},"37":{"start":{"line":110,"column":20},"end":{"line":110,"column":26}},"38":{"start":{"line":112,"column":12},"end":{"line":112,"column":87}},"39":{"start":{"line":114,"column":8},"end":{"line":114,"column":39}},"40":{"start":{"line":117,"column":0},"end":{"line":117,"column":23}}},"fnMap":{"0":{"name":"(anonymous_0)","decl":{"start":{"line":19,"column":4},"end":{"line":19,"column":5}},"loc":{"start":{"line":19,"column":22},"end":{"line":29,"column":5}},"line":19},"1":{"name":"(anonymous_1)","decl":{"start":{"line":30,"column":4},"end":{"line":30,"column":5}},"loc":{"start":{"line":30,"column":26},"end":{"line":32,"column":5}},"line":30},"2":{"name":"(anonymous_2)","decl":{"start":{"line":33,"column":4},"end":{"line":33,"column":5}},"loc":{"start":{"line":33,"column":24},"end":{"line":35,"column":5}},"line":33},"3":{"name":"(anonymous_3)","decl":{"start":{"line":36,"column":4},"end":{"line":36,"column":5}},"loc":{"start":{"line":36,"column":38},"end":{"line":38,"column":5}},"line":36},"4":{"name":"(anonymous_4)","decl":{"start":{"line":39,"column":4},"end":{"line":39,"column":5}},"loc":{"start":{"line":39,"column":29},"end":{"line":115,"column":5}},"line":39}},"branchMap":{"0":{"loc":{"start":{"line":37,"column":15},"end":{"line":37,"column":70}},"type":"cond-expr","locations":[{"start":{"line":37,"column":30},"end":{"line":37,"column":47}},{"start":{"line":37,"column":50},"end":{"line":37,"column":70}}],"line":37},"1":{"loc":{"start":{"line":40,"column":8},"end":{"line":113,"column":9}},"type":"if","locations":[{"start":{"line":40,"column":8},"end":{"line":113,"column":9}},{"start":{"line":40,"column":8},"end":{"line":113,"column":9}}],"line":40},"2":{"loc":{"start":{"line":46,"column":12},"end":{"line":111,"column":13}},"type":"switch","locations":[{"start":{"line":47,"column":16},"end":{"line":55,"column":26}},{"start":{"line":56,"column":16},"end":{"line":64,"column":26}},{"start":{"line":65,"column":16},"end":{"line":73,"column":26}},{"start":{"line":74,"column":16},"end":{"line":82,"column":26}},{"start":{"line":83,"column":16},"end":{"line":91,"column":26}},{"start":{"line":92,"column":16},"end":{"line":101,"column":26}},{"start":{"line":102,"column":16},"end":{"line":110,"column":26}}],"line":46}},"s":{"0":5,"1":5,"2":5,"3":5,"4":5,"5":5,"6":5,"7":5,"8":18,"9":18,"10":18,"11":18,"12":18,"13":18,"14":18,"15":18,"16":18,"17":150,"18":150,"19":133,"20":314,"21":18,"22":18,"23":18,"24":2,"25":2,"26":4,"27":4,"28":3,"29":3,"30":2,"31":2,"32":2,"33":2,"34":2,"35":2,"36":3,"37":3,"38":18,"39":314,"40":5},"f":{"0":18,"1":150,"2":150,"3":133,"4":314},"b":{"0":[0,133],"1":[18,296],"2":[2,4,3,2,2,2,3]},"_coverageSchema":"332fd63041d2c1bcb487cc26dd0d5f7d97098a6c","hash":"061db031a119714e45e856ce6068623ea643046f"}
,"/Users/ryuyutyo/Documents/git/verdaccio/modules/cronr/src/tokenParser.ts": {"path":"/Users/ryuyutyo/Documents/git/verdaccio/modules/cronr/src/tokenParser.ts","statementMap":{"0":{"start":{"line":2,"column":0},"end":{"line":2,"column":62}},"1":{"start":{"line":3,"column":16},"end":{"line":3,"column":34}},"2":{"start":{"line":4,"column":15},"end":{"line":4,"column":32}},"3":{"start":{"line":5,"column":17},"end":{"line":5,"column":49}},"4":{"start":{"line":5,"column":26},"end":{"line":5,"column":49}},"5":{"start":{"line":6,"column":17},"end":{"line":6,"column":49}},"6":{"start":{"line":6,"column":26},"end":{"line":6,"column":49}},"7":{"start":{"line":7,"column":24},"end":{"line":7,"column":54}},"8":{"start":{"line":7,"column":33},"end":{"line":7,"column":54}},"9":{"start":{"line":8,"column":22},"end":{"line":8,"column":51}},"10":{"start":{"line":8,"column":31},"end":{"line":8,"column":51}},"11":{"start":{"line":9,"column":14},"end":{"line":9,"column":36}},"12":{"start":{"line":9,"column":23},"end":{"line":9,"column":36}},"13":{"start":{"line":10,"column":24},"end":{"line":10,"column":92}},"14":{"start":{"line":10,"column":33},"end":{"line":10,"column":92}},"15":{"start":{"line":11,"column":27},"end":{"line":11,"column":78}},"16":{"start":{"line":11,"column":36},"end":{"line":11,"column":78}},"17":{"start":{"line":12,"column":25},"end":{"line":15,"column":2}},"18":{"start":{"line":12,"column":34},"end":{"line":15,"column":2}},"19":{"start":{"line":13,"column":19},"end":{"line":13,"column":32}},"20":{"start":{"line":14,"column":4},"end":{"line":14,"column":27}},"21":{"start":{"line":17,"column":17},"end":{"line":17,"column":68}},"22":{"start":{"line":18,"column":16},"end":{"line":31,"column":1}},"23":{"start":{"line":33,"column":4},"end":{"line":40,"column":6}},"24":{"start":{"line":34,"column":8},"end":{"line":38,"column":9}},"25":{"start":{"line":35,"column":26},"end":{"line":35,"column":43}},"26":{"start":{"line":36,"column":12},"end":{"line":37,"column":55}},"27":{"start":{"line":37,"column":16},"end":{"line":37,"column":55}},"28":{"start":{"line":39,"column":8},"end":{"line":39,"column":45}},"29":{"start":{"line":42,"column":27},"end":{"line":42,"column":100}},"30":{"start":{"line":42,"column":43},"end":{"line":42,"column":100}},"31":{"start":{"line":42,"column":52},"end":{"line":42,"column":100}},"32":{"start":{"line":42,"column":85},"end":{"line":42,"column":94}},"33":{"start":{"line":43,"column":19},"end":{"line":43,"column":38}},"34":{"start":{"line":44,"column":0},"end":{"line":44,"column":78}},"35":{"start":{"line":45,"column":0},"end":{"line":45,"column":62}},"36":{"start":{"line":46,"column":19},"end":{"line":46,"column":32}},"37":{"start":{"line":47,"column":21},"end":{"line":47,"column":34}},"38":{"start":{"line":48,"column":20},"end":{"line":48,"column":35}},"39":{"start":{"line":49,"column":17},"end":{"line":49,"column":40}},"40":{"start":{"line":50,"column":21},"end":{"line":50,"column":44}},"41":{"start":{"line":51,"column":27},"end":{"line":51,"column":52}},"42":{"start":{"line":52,"column":16},"end":{"line":52,"column":80}},"43":{"start":{"line":53,"column":14},"end":{"line":53,"column":76}},"44":{"start":{"line":54,"column":17},"end":{"line":54,"column":36}},"45":{"start":{"line":55,"column":0},"end":{"line":60,"column":3}},"46":{"start":{"line":61,"column":0},"end":{"line":66,"column":3}},"47":{"start":{"line":67,"column":0},"end":{"line":72,"column":3}},"48":{"start":{"line":73,"column":0},"end":{"line":78,"column":3}},"49":{"start":{"line":79,"column":0},"end":{"line":84,"column":3}},"50":{"start":{"line":85,"column":0},"end":{"line":91,"column":3}},"51":{"start":{"line":92,"column":0},"end":{"line":98,"column":3}},"52":{"start":{"line":99,"column":19},"end":{"line":99,"column":38}},"53":{"start":{"line":100,"column":17},"end":{"line":100,"column":36}},"54":{"start":{"line":100,"column":26},"end":{"line":100,"column":36}},"55":{"start":{"line":101,"column":0},"end":{"line":111,"column":2}},"56":{"start":{"line":102,"column":19},"end":{"line":102,"column":39}},"57":{"start":{"line":103,"column":4},"end":{"line":109,"column":5}},"58":{"start":{"line":104,"column":26},"end":{"line":104,"column":32}},"59":{"start":{"line":105,"column":8},"end":{"line":108,"column":10}},"60":{"start":{"line":110,"column":4},"end":{"line":110,"column":16}},"61":{"start":{"line":112,"column":0},"end":{"line":122,"column":2}},"62":{"start":{"line":113,"column":19},"end":{"line":113,"column":41}},"63":{"start":{"line":114,"column":4},"end":{"line":120,"column":5}},"64":{"start":{"line":115,"column":26},"end":{"line":115,"column":32}},"65":{"start":{"line":116,"column":8},"end":{"line":119,"column":10}},"66":{"start":{"line":121,"column":4},"end":{"line":121,"column":16}},"67":{"start":{"line":123,"column":0},"end":{"line":136,"column":2}},"68":{"start":{"line":124,"column":19},"end":{"line":124,"column":40}},"69":{"start":{"line":125,"column":4},"end":{"line":134,"column":5}},"70":{"start":{"line":126,"column":29},"end":{"line":126,"column":35}},"71":{"start":{"line":127,"column":8},"end":{"line":133,"column":10}},"72":{"start":{"line":135,"column":4},"end":{"line":135,"column":16}},"73":{"start":{"line":137,"column":0},"end":{"line":151,"column":2}},"74":{"start":{"line":138,"column":19},"end":{"line":138,"column":37}},"75":{"start":{"line":139,"column":4},"end":{"line":150,"column":5}},"76":{"start":{"line":140,"column":28},"end":{"line":140,"column":34}},"77":{"start":{"line":141,"column":8},"end":{"line":145,"column":14}},"78":{"start":{"line":142,"column":12},"end":{"line":145,"column":14}},"79":{"start":{"line":146,"column":8},"end":{"line":149,"column":10}},"80":{"start":{"line":152,"column":0},"end":{"line":166,"column":2}},"81":{"start":{"line":153,"column":19},"end":{"line":153,"column":41}},"82":{"start":{"line":154,"column":4},"end":{"line":165,"column":5}},"83":{"start":{"line":155,"column":32},"end":{"line":155,"column":38}},"84":{"start":{"line":156,"column":8},"end":{"line":164,"column":10}},"85":{"start":{"line":167,"column":0},"end":{"line":183,"column":2}},"86":{"start":{"line":168,"column":19},"end":{"line":168,"column":47}},"87":{"start":{"line":169,"column":4},"end":{"line":181,"column":5}},"88":{"start":{"line":170,"column":36},"end":{"line":170,"column":42}},"89":{"start":{"line":171,"column":8},"end":{"line":180,"column":10}},"90":{"start":{"line":182,"column":4},"end":{"line":182,"column":14}},"91":{"start":{"line":184,"column":0},"end":{"line":202,"column":2}},"92":{"start":{"line":185,"column":20},"end":{"line":185,"column":43}},"93":{"start":{"line":186,"column":19},"end":{"line":186,"column":40}},"94":{"start":{"line":187,"column":4},"end":{"line":201,"column":5}},"95":{"start":{"line":188,"column":29},"end":{"line":188,"column":35}},"96":{"start":{"line":189,"column":8},"end":{"line":196,"column":14}},"97":{"start":{"line":190,"column":12},"end":{"line":196,"column":14}},"98":{"start":{"line":197,"column":8},"end":{"line":200,"column":10}},"99":{"start":{"line":203,"column":0},"end":{"line":221,"column":2}},"100":{"start":{"line":204,"column":20},"end":{"line":204,"column":43}},"101":{"start":{"line":205,"column":19},"end":{"line":205,"column":38}},"102":{"start":{"line":206,"column":4},"end":{"line":220,"column":5}},"103":{"start":{"line":207,"column":29},"end":{"line":207,"column":35}},"104":{"start":{"line":208,"column":8},"end":{"line":215,"column":14}},"105":{"start":{"line":209,"column":12},"end":{"line":215,"column":14}},"106":{"start":{"line":216,"column":8},"end":{"line":219,"column":10}},"107":{"start":{"line":222,"column":23},"end":{"line":228,"column":1}},"108":{"start":{"line":223,"column":4},"end":{"line":224,"column":19}},"109":{"start":{"line":224,"column":8},"end":{"line":224,"column":19}},"110":{"start":{"line":225,"column":4},"end":{"line":226,"column":19}},"111":{"start":{"line":226,"column":8},"end":{"line":226,"column":19}},"112":{"start":{"line":227,"column":4},"end":{"line":227,"column":17}},"113":{"start":{"line":229,"column":28},"end":{"line":237,"column":1}},"114":{"start":{"line":230,"column":25},"end":{"line":230,"column":30}},"115":{"start":{"line":231,"column":21},"end":{"line":231,"column":51}},"116":{"start":{"line":232,"column":19},"end":{"line":232,"column":47}},"117":{"start":{"line":233,"column":4},"end":{"line":236,"column":6}},"118":{"start":{"line":238,"column":32},"end":{"line":256,"column":1}},"119":{"start":{"line":239,"column":4},"end":{"line":255,"column":6}},"120":{"start":{"line":240,"column":25},"end":{"line":240,"column":57}},"121":{"start":{"line":241,"column":29},"end":{"line":241,"column":37}},"122":{"start":{"line":242,"column":8},"end":{"line":253,"column":9}},"123":{"start":{"line":243,"column":12},"end":{"line":252,"column":15}},"124":{"start":{"line":244,"column":16},"end":{"line":251,"column":17}},"125":{"start":{"line":246,"column":24},"end":{"line":246,"column":108}},"126":{"start":{"line":248,"column":24},"end":{"line":248,"column":113}},"127":{"start":{"line":250,"column":24},"end":{"line":250,"column":57}},"128":{"start":{"line":254,"column":8},"end":{"line":254,"column":23}},"129":{"start":{"line":257,"column":30},"end":{"line":273,"column":1}},"130":{"start":{"line":258,"column":4},"end":{"line":272,"column":7}},"131":{"start":{"line":259,"column":8},"end":{"line":271,"column":9}},"132":{"start":{"line":261,"column":37},"end":{"line":261,"column":49}},"133":{"start":{"line":262,"column":16},"end":{"line":262,"column":99}},"134":{"start":{"line":264,"column":35},"end":{"line":264,"column":47}},"135":{"start":{"line":265,"column":16},"end":{"line":267,"column":17}},"136":{"start":{"line":266,"column":20},"end":{"line":266,"column":84}},"137":{"start":{"line":268,"column":16},"end":{"line":268,"column":49}},"138":{"start":{"line":270,"column":16},"end":{"line":270,"column":49}},"139":{"start":{"line":274,"column":20},"end":{"line":274,"column":39}},"140":{"start":{"line":275,"column":0},"end":{"line":277,"column":3}},"141":{"start":{"line":278,"column":0},"end":{"line":278,"column":77}},"142":{"start":{"line":279,"column":0},"end":{"line":279,"column":77}},"143":{"start":{"line":280,"column":0},"end":{"line":280,"column":73}},"144":{"start":{"line":281,"column":0},"end":{"line":281,"column":75}},"145":{"start":{"line":283,"column":0},"end":{"line":286,"column":3}},"146":{"start":{"line":288,"column":16},"end":{"line":288,"column":34}},"147":{"start":{"line":289,"column":4},"end":{"line":300,"column":11}},"148":{"start":{"line":290,"column":24},"end":{"line":290,"column":38}},"149":{"start":{"line":291,"column":22},"end":{"line":291,"column":25}},"150":{"start":{"line":292,"column":8},"end":{"line":294,"column":9}},"151":{"start":{"line":293,"column":12},"end":{"line":293,"column":44}},"152":{"start":{"line":295,"column":21},"end":{"line":295,"column":37}},"153":{"start":{"line":296,"column":8},"end":{"line":298,"column":9}},"154":{"start":{"line":297,"column":12},"end":{"line":297,"column":58}},"155":{"start":{"line":299,"column":8},"end":{"line":299,"column":42}},"156":{"start":{"line":302,"column":0},"end":{"line":302,"column":22}}},"fnMap":{"0":{"name":"(anonymous_0)","decl":{"start":{"line":5,"column":17},"end":{"line":5,"column":18}},"loc":{"start":{"line":5,"column":26},"end":{"line":5,"column":49}},"line":5},"1":{"name":"(anonymous_1)","decl":{"start":{"line":6,"column":17},"end":{"line":6,"column":18}},"loc":{"start":{"line":6,"column":26},"end":{"line":6,"column":49}},"line":6},"2":{"name":"(anonymous_2)","decl":{"start":{"line":7,"column":24},"end":{"line":7,"column":25}},"loc":{"start":{"line":7,"column":33},"end":{"line":7,"column":54}},"line":7},"3":{"name":"(anonymous_3)","decl":{"start":{"line":8,"column":22},"end":{"line":8,"column":23}},"loc":{"start":{"line":8,"column":31},"end":{"line":8,"column":51}},"line":8},"4":{"name":"(anonymous_4)","decl":{"start":{"line":9,"column":14},"end":{"line":9,"column":15}},"loc":{"start":{"line":9,"column":23},"end":{"line":9,"column":36}},"line":9},"5":{"name":"(anonymous_5)","decl":{"start":{"line":10,"column":24},"end":{"line":10,"column":25}},"loc":{"start":{"line":10,"column":33},"end":{"line":10,"column":92}},"line":10},"6":{"name":"(anonymous_6)","decl":{"start":{"line":11,"column":27},"end":{"line":11,"column":28}},"loc":{"start":{"line":11,"column":36},"end":{"line":11,"column":78}},"line":11},"7":{"name":"(anonymous_7)","decl":{"start":{"line":12,"column":25},"end":{"line":12,"column":26}},"loc":{"start":{"line":12,"column":34},"end":{"line":15,"column":2}},"line":12},"8":{"name":"(anonymous_8)","decl":{"start":{"line":12,"column":57},"end":{"line":12,"column":58}},"loc":{"start":{"line":12,"column":66},"end":{"line":15,"column":1}},"line":12},"9":{"name":"combinePatterns","decl":{"start":{"line":32,"column":9},"end":{"line":32,"column":24}},"loc":{"start":{"line":32,"column":35},"end":{"line":41,"column":1}},"line":32},"10":{"name":"(anonymous_10)","decl":{"start":{"line":33,"column":11},"end":{"line":33,"column":12}},"loc":{"start":{"line":33,"column":20},"end":{"line":40,"column":5}},"line":33},"11":{"name":"(anonymous_11)","decl":{"start":{"line":42,"column":27},"end":{"line":42,"column":28}},"loc":{"start":{"line":42,"column":43},"end":{"line":42,"column":100}},"line":42},"12":{"name":"(anonymous_12)","decl":{"start":{"line":42,"column":43},"end":{"line":42,"column":44}},"loc":{"start":{"line":42,"column":52},"end":{"line":42,"column":100}},"line":42},"13":{"name":"(anonymous_13)","decl":{"start":{"line":42,"column":70},"end":{"line":42,"column":71}},"loc":{"start":{"line":42,"column":85},"end":{"line":42,"column":94}},"line":42},"14":{"name":"(anonymous_14)","decl":{"start":{"line":100,"column":17},"end":{"line":100,"column":18}},"loc":{"start":{"line":100,"column":26},"end":{"line":100,"column":36}},"line":100},"15":{"name":"(anonymous_15)","decl":{"start":{"line":101,"column":35},"end":{"line":101,"column":36}},"loc":{"start":{"line":101,"column":44},"end":{"line":111,"column":1}},"line":101},"16":{"name":"(anonymous_16)","decl":{"start":{"line":112,"column":37},"end":{"line":112,"column":38}},"loc":{"start":{"line":112,"column":46},"end":{"line":122,"column":1}},"line":112},"17":{"name":"(anonymous_17)","decl":{"start":{"line":123,"column":36},"end":{"line":123,"column":37}},"loc":{"start":{"line":123,"column":45},"end":{"line":136,"column":1}},"line":123},"18":{"name":"(anonymous_18)","decl":{"start":{"line":137,"column":33},"end":{"line":137,"column":34}},"loc":{"start":{"line":137,"column":42},"end":{"line":151,"column":1}},"line":137},"19":{"name":"(anonymous_19)","decl":{"start":{"line":152,"column":37},"end":{"line":152,"column":38}},"loc":{"start":{"line":152,"column":46},"end":{"line":166,"column":1}},"line":152},"20":{"name":"(anonymous_20)","decl":{"start":{"line":167,"column":43},"end":{"line":167,"column":44}},"loc":{"start":{"line":167,"column":52},"end":{"line":183,"column":1}},"line":167},"21":{"name":"(anonymous_21)","decl":{"start":{"line":184,"column":32},"end":{"line":184,"column":33}},"loc":{"start":{"line":184,"column":41},"end":{"line":202,"column":1}},"line":184},"22":{"name":"(anonymous_22)","decl":{"start":{"line":203,"column":30},"end":{"line":203,"column":31}},"loc":{"start":{"line":203,"column":39},"end":{"line":221,"column":1}},"line":203},"23":{"name":"(anonymous_23)","decl":{"start":{"line":222,"column":23},"end":{"line":222,"column":24}},"loc":{"start":{"line":222,"column":44},"end":{"line":228,"column":1}},"line":222},"24":{"name":"(anonymous_24)","decl":{"start":{"line":229,"column":28},"end":{"line":229,"column":29}},"loc":{"start":{"line":229,"column":49},"end":{"line":237,"column":1}},"line":229},"25":{"name":"(anonymous_25)","decl":{"start":{"line":238,"column":32},"end":{"line":238,"column":33}},"loc":{"start":{"line":238,"column":42},"end":{"line":256,"column":1}},"line":238},"26":{"name":"(anonymous_26)","decl":{"start":{"line":239,"column":11},"end":{"line":239,"column":12}},"loc":{"start":{"line":239,"column":24},"end":{"line":255,"column":5}},"line":239},"27":{"name":"(anonymous_27)","decl":{"start":{"line":243,"column":31},"end":{"line":243,"column":32}},"loc":{"start":{"line":243,"column":43},"end":{"line":252,"column":13}},"line":243},"28":{"name":"(anonymous_28)","decl":{"start":{"line":257,"column":30},"end":{"line":257,"column":31}},"loc":{"start":{"line":257,"column":43},"end":{"line":273,"column":1}},"line":257},"29":{"name":"(anonymous_29)","decl":{"start":{"line":258,"column":23},"end":{"line":258,"column":24}},"loc":{"start":{"line":258,"column":33},"end":{"line":272,"column":5}},"line":258},"30":{"name":"parse","decl":{"start":{"line":287,"column":9},"end":{"line":287,"column":14}},"loc":{"start":{"line":287,"column":30},"end":{"line":301,"column":1}},"line":287},"31":{"name":"(anonymous_31)","decl":{"start":{"line":289,"column":22},"end":{"line":289,"column":23}},"loc":{"start":{"line":289,"column":44},"end":{"line":300,"column":5}},"line":289}},"branchMap":{"0":{"loc":{"start":{"line":36,"column":12},"end":{"line":37,"column":55}},"type":"if","locations":[{"start":{"line":36,"column":12},"end":{"line":37,"column":55}},{"start":{"line":36,"column":12},"end":{"line":37,"column":55}}],"line":36},"1":{"loc":{"start":{"line":103,"column":4},"end":{"line":109,"column":5}},"type":"if","locations":[{"start":{"line":103,"column":4},"end":{"line":109,"column":5}},{"start":{"line":103,"column":4},"end":{"line":109,"column":5}}],"line":103},"2":{"loc":{"start":{"line":114,"column":4},"end":{"line":120,"column":5}},"type":"if","locations":[{"start":{"line":114,"column":4},"end":{"line":120,"column":5}},{"start":{"line":114,"column":4},"end":{"line":120,"column":5}}],"line":114},"3":{"loc":{"start":{"line":125,"column":4},"end":{"line":134,"column":5}},"type":"if","locations":[{"start":{"line":125,"column":4},"end":{"line":134,"column":5}},{"start":{"line":125,"column":4},"end":{"line":134,"column":5}}],"line":125},"4":{"loc":{"start":{"line":139,"column":4},"end":{"line":150,"column":5}},"type":"if","locations":[{"start":{"line":139,"column":4},"end":{"line":150,"column":5}},{"start":{"line":139,"column":4},"end":{"line":150,"column":5}}],"line":139},"5":{"loc":{"start":{"line":141,"column":8},"end":{"line":145,"column":14}},"type":"if","locations":[{"start":{"line":141,"column":8},"end":{"line":145,"column":14}},{"start":{"line":141,"column":8},"end":{"line":145,"column":14}}],"line":141},"6":{"loc":{"start":{"line":154,"column":4},"end":{"line":165,"column":5}},"type":"if","locations":[{"start":{"line":154,"column":4},"end":{"line":165,"column":5}},{"start":{"line":154,"column":4},"end":{"line":165,"column":5}}],"line":154},"7":{"loc":{"start":{"line":169,"column":4},"end":{"line":181,"column":5}},"type":"if","locations":[{"start":{"line":169,"column":4},"end":{"line":181,"column":5}},{"start":{"line":169,"column":4},"end":{"line":181,"column":5}}],"line":169},"8":{"loc":{"start":{"line":187,"column":4},"end":{"line":201,"column":5}},"type":"if","locations":[{"start":{"line":187,"column":4},"end":{"line":201,"column":5}},{"start":{"line":187,"column":4},"end":{"line":201,"column":5}}],"line":187},"9":{"loc":{"start":{"line":189,"column":8},"end":{"line":196,"column":14}},"type":"if","locations":[{"start":{"line":189,"column":8},"end":{"line":196,"column":14}},{"start":{"line":189,"column":8},"end":{"line":196,"column":14}}],"line":189},"10":{"loc":{"start":{"line":206,"column":4},"end":{"line":220,"column":5}},"type":"if","locations":[{"start":{"line":206,"column":4},"end":{"line":220,"column":5}},{"start":{"line":206,"column":4},"end":{"line":220,"column":5}}],"line":206},"11":{"loc":{"start":{"line":208,"column":8},"end":{"line":215,"column":14}},"type":"if","locations":[{"start":{"line":208,"column":8},"end":{"line":215,"column":14}},{"start":{"line":208,"column":8},"end":{"line":215,"column":14}}],"line":208},"12":{"loc":{"start":{"line":223,"column":4},"end":{"line":224,"column":19}},"type":"if","locations":[{"start":{"line":223,"column":4},"end":{"line":224,"column":19}},{"start":{"line":223,"column":4},"end":{"line":224,"column":19}}],"line":223},"13":{"loc":{"start":{"line":225,"column":4},"end":{"line":226,"column":19}},"type":"if","locations":[{"start":{"line":225,"column":4},"end":{"line":226,"column":19}},{"start":{"line":225,"column":4},"end":{"line":226,"column":19}}],"line":225},"14":{"loc":{"start":{"line":242,"column":8},"end":{"line":253,"column":9}},"type":"if","locations":[{"start":{"line":242,"column":8},"end":{"line":253,"column":9}},{"start":{"line":242,"column":8},"end":{"line":253,"column":9}}],"line":242},"15":{"loc":{"start":{"line":242,"column":12},"end":{"line":242,"column":42}},"type":"binary-expr","locations":[{"start":{"line":242,"column":12},"end":{"line":242,"column":25}},{"start":{"line":242,"column":29},"end":{"line":242,"column":42}}],"line":242},"16":{"loc":{"start":{"line":244,"column":16},"end":{"line":251,"column":17}},"type":"switch","locations":[{"start":{"line":245,"column":20},"end":{"line":246,"column":108}},{"start":{"line":247,"column":20},"end":{"line":248,"column":113}},{"start":{"line":249,"column":20},"end":{"line":250,"column":57}}],"line":244},"17":{"loc":{"start":{"line":259,"column":8},"end":{"line":271,"column":9}},"type":"switch","locations":[{"start":{"line":260,"column":12},"end":{"line":262,"column":99}},{"start":{"line":263,"column":12},"end":{"line":268,"column":49}},{"start":{"line":269,"column":12},"end":{"line":270,"column":49}}],"line":259},"18":{"loc":{"start":{"line":262,"column":58},"end":{"line":262,"column":95}},"type":"cond-expr","locations":[{"start":{"line":262,"column":79},"end":{"line":262,"column":80}},{"start":{"line":262,"column":83},"end":{"line":262,"column":95}}],"line":262},"19":{"loc":{"start":{"line":265,"column":16},"end":{"line":267,"column":17}},"type":"if","locations":[{"start":{"line":265,"column":16},"end":{"line":267,"column":17}},{"start":{"line":265,"column":16},"end":{"line":267,"column":17}}],"line":265},"20":{"loc":{"start":{"line":265,"column":20},"end":{"line":265,"column":64}},"type":"binary-expr","locations":[{"start":{"line":265,"column":20},"end":{"line":265,"column":41}},{"start":{"line":265,"column":45},"end":{"line":265,"column":64}}],"line":265},"21":{"loc":{"start":{"line":292,"column":8},"end":{"line":294,"column":9}},"type":"if","locations":[{"start":{"line":292,"column":8},"end":{"line":294,"column":9}},{"start":{"line":292,"column":8},"end":{"line":294,"column":9}}],"line":292},"22":{"loc":{"start":{"line":296,"column":8},"end":{"line":298,"column":9}},"type":"if","locations":[{"start":{"line":296,"column":8},"end":{"line":298,"column":9}},{"start":{"line":296,"column":8},"end":{"line":298,"column":9}}],"line":296}},"s":{"0":5,"1":5,"2":5,"3":5,"4":0,"5":5,"6":328,"7":5,"8":9,"9":5,"10":8,"11":5,"12":139,"13":5,"14":34,"15":5,"16":56,"17":5,"18":26,"19":4,"20":4,"21":5,"22":5,"23":35,"24":177,"25":461,"26":461,"27":177,"28":0,"29":5,"30":40,"31":209,"32":254,"33":5,"34":5,"35":5,"36":5,"37":5,"38":5,"39":5,"40":5,"41":5,"42":5,"43":5,"44":5,"45":5,"46":5,"47":5,"48":5,"49":5,"50":5,"51":5,"52":5,"53":5,"54":40,"55":5,"56":0,"57":0,"58":0,"59":0,"60":0,"61":5,"62":41,"63":41,"64":41,"65":41,"66":0,"67":5,"68":24,"69":24,"70":24,"71":24,"72":0,"73":5,"74":87,"75":87,"76":87,"77":87,"78":8,"79":79,"80":5,"81":0,"82":0,"83":0,"84":0,"85":5,"86":14,"87":14,"88":14,"89":14,"90":0,"91":5,"92":5,"93":5,"94":5,"95":5,"96":5,"97":4,"98":1,"99":5,"100":6,"101":6,"102":6,"103":6,"104":6,"105":2,"106":4,"107":5,"108":120,"109":0,"110":120,"111":0,"112":120,"113":5,"114":40,"115":40,"116":40,"117":40,"118":5,"119":30,"120":164,"121":164,"122":164,"123":164,"124":178,"125":40,"126":40,"127":98,"128":0,"129":5,"130":19,"131":19,"132":9,"133":9,"134":6,"135":6,"136":1,"137":5,"138":4,"139":5,"140":5,"141":5,"142":5,"143":5,"144":5,"145":5,"146":159,"147":159,"148":177,"149":177,"150":177,"151":45,"152":177,"153":177,"154":164,"155":177,"156":5},"f":{"0":0,"1":328,"2":9,"3":8,"4":139,"5":34,"6":56,"7":26,"8":4,"9":35,"10":177,"11":40,"12":209,"13":254,"14":40,"15":0,"16":41,"17":24,"18":87,"19":0,"20":14,"21":5,"22":6,"23":120,"24":40,"25":30,"26":164,"27":178,"28":19,"29":19,"30":159,"31":177},"b":{"0":[177,284],"1":[0,0],"2":[41,0],"3":[24,0],"4":[87,0],"5":[8,79],"6":[0,0],"7":[14,0],"8":[5,0],"9":[4,1],"10":[6,0],"11":[2,4],"12":[0,120],"13":[0,120],"14":[164,0],"15":[164,164],"16":[40,40,98],"17":[9,6,4],"18":[0,9],"19":[1,5],"20":[6,1],"21":[45,132],"22":[164,13]},"_coverageSchema":"332fd63041d2c1bcb487cc26dd0d5f7d97098a6c","hash":"35f713d1acc2de33b49602de6e05c46f108b85b7"}
,"/Users/ryuyutyo/Documents/git/verdaccio/modules/cronr/src/types.ts": {"path":"/Users/ryuyutyo/Documents/git/verdaccio/modules/cronr/src/types.ts","statementMap":{"0":{"start":{"line":2,"column":0},"end":{"line":2,"column":62}},"1":{"start":{"line":3,"column":0},"end":{"line":3,"column":28}},"2":{"start":{"line":4,"column":0},"end":{"line":4,"column":24}},"3":{"start":{"line":5,"column":0},"end":{"line":5,"column":24}}},"fnMap":{},"branchMap":{},"s":{"0":5,"1":5,"2":5,"3":5},"f":{},"b":{},"_coverageSchema":"332fd63041d2c1bcb487cc26dd0d5f7d97098a6c","hash":"78499075aa11e4e51431b1fea5d5f5abb3e07a77"}
,"/Users/ryuyutyo/Documents/git/verdaccio/modules/cronr/src/utils/index.ts": {"path":"/Users/ryuyutyo/Documents/git/verdaccio/modules/cronr/src/utils/index.ts","statementMap":{"0":{"start":{"line":2,"column":0},"end":{"line":2,"column":62}},"1":{"start":{"line":3,"column":14},"end":{"line":3,"column":30}},"2":{"start":{"line":4,"column":15},"end":{"line":4,"column":32}},"3":{"start":{"line":5,"column":17},"end":{"line":5,"column":36}},"4":{"start":{"line":6,"column":22},"end":{"line":6,"column":46}},"5":{"start":{"line":7,"column":16},"end":{"line":7,"column":34}},"6":{"start":{"line":8,"column":25},"end":{"line":8,"column":52}},"7":{"start":{"line":9,"column":0},"end":{"line":16,"column":2}}},"fnMap":{},"branchMap":{},"s":{"0":5,"1":5,"2":5,"3":5,"4":5,"5":5,"6":5,"7":5},"f":{},"b":{},"_coverageSchema":"332fd63041d2c1bcb487cc26dd0d5f7d97098a6c","hash":"34e1b46798c64d76951af188f09a7def8b34c0af"}
,"/Users/ryuyutyo/Documents/git/verdaccio/modules/cronr/src/utils/isLeap.ts": {"path":"/Users/ryuyutyo/Documents/git/verdaccio/modules/cronr/src/utils/isLeap.ts","statementMap":{"0":{"start":{"line":2,"column":0},"end":{"line":2,"column":62}},"1":{"start":{"line":3,"column":0},"end":{"line":3,"column":75}},"2":{"start":{"line":3,"column":28},"end":{"line":3,"column":74}}},"fnMap":{"0":{"name":"(anonymous_0)","decl":{"start":{"line":3,"column":18},"end":{"line":3,"column":19}},"loc":{"start":{"line":3,"column":28},"end":{"line":3,"column":74}},"line":3}},"branchMap":{"0":{"loc":{"start":{"line":3,"column":28},"end":{"line":3,"column":74}},"type":"binary-expr","locations":[{"start":{"line":3,"column":28},"end":{"line":3,"column":40}},{"start":{"line":3,"column":44},"end":{"line":3,"column":57}},{"start":{"line":3,"column":61},"end":{"line":3,"column":74}}],"line":3}},"s":{"0":5,"1":5,"2":133},"f":{"0":133},"b":{"0":[133,0,0]},"_coverageSchema":"332fd63041d2c1bcb487cc26dd0d5f7d97098a6c","hash":"911cb82e5a191b268b532c3ba9df848ba4a2ee75"}
,"/Users/ryuyutyo/Documents/git/verdaccio/modules/cronr/src/utils/min.ts": {"path":"/Users/ryuyutyo/Documents/git/verdaccio/modules/cronr/src/utils/min.ts","statementMap":{"0":{"start":{"line":2,"column":0},"end":{"line":2,"column":62}},"1":{"start":{"line":3,"column":12},"end":{"line":9,"column":1}},"2":{"start":{"line":4,"column":4},"end":{"line":8,"column":7}},"3":{"start":{"line":5,"column":8},"end":{"line":6,"column":75}},"4":{"start":{"line":6,"column":12},"end":{"line":6,"column":75}},"5":{"start":{"line":7,"column":8},"end":{"line":7,"column":20}},"6":{"start":{"line":10,"column":0},"end":{"line":10,"column":22}}},"fnMap":{"0":{"name":"(anonymous_0)","decl":{"start":{"line":3,"column":12},"end":{"line":3,"column":13}},"loc":{"start":{"line":3,"column":21},"end":{"line":9,"column":1}},"line":3},"1":{"name":"(anonymous_1)","decl":{"start":{"line":4,"column":22},"end":{"line":4,"column":23}},"loc":{"start":{"line":4,"column":37},"end":{"line":8,"column":5}},"line":4}},"branchMap":{"0":{"loc":{"start":{"line":5,"column":8},"end":{"line":6,"column":75}},"type":"if","locations":[{"start":{"line":5,"column":8},"end":{"line":6,"column":75}},{"start":{"line":5,"column":8},"end":{"line":6,"column":75}}],"line":5},"1":{"loc":{"start":{"line":6,"column":19},"end":{"line":6,"column":74}},"type":"cond-expr","locations":[{"start":{"line":6,"column":49},"end":{"line":6,"column":68}},{"start":{"line":6,"column":71},"end":{"line":6,"column":74}}],"line":6}},"s":{"0":5,"1":5,"2":0,"3":0,"4":0,"5":0,"6":5},"f":{"0":0,"1":0},"b":{"0":[0,0],"1":[0,0]},"_coverageSchema":"332fd63041d2c1bcb487cc26dd0d5f7d97098a6c","hash":"50783bbbad031f581d2e014432743d500f23f7e8"}
,"/Users/ryuyutyo/Documents/git/verdaccio/modules/cronr/src/utils/pick.ts": {"path":"/Users/ryuyutyo/Documents/git/verdaccio/modules/cronr/src/utils/pick.ts","statementMap":{"0":{"start":{"line":2,"column":0},"end":{"line":2,"column":62}},"1":{"start":{"line":4,"column":4},"end":{"line":8,"column":11}},"2":{"start":{"line":5,"column":8},"end":{"line":6,"column":64}},"3":{"start":{"line":6,"column":12},"end":{"line":6,"column":64}},"4":{"start":{"line":7,"column":8},"end":{"line":7,"column":20}},"5":{"start":{"line":10,"column":0},"end":{"line":10,"column":23}}},"fnMap":{"0":{"name":"pick","decl":{"start":{"line":3,"column":9},"end":{"line":3,"column":13}},"loc":{"start":{"line":3,"column":28},"end":{"line":9,"column":1}},"line":3},"1":{"name":"(anonymous_1)","decl":{"start":{"line":4,"column":23},"end":{"line":4,"column":24}},"loc":{"start":{"line":4,"column":38},"end":{"line":8,"column":5}},"line":4}},"branchMap":{"0":{"loc":{"start":{"line":5,"column":8},"end":{"line":6,"column":64}},"type":"if","locations":[{"start":{"line":5,"column":8},"end":{"line":6,"column":64}},{"start":{"line":5,"column":8},"end":{"line":6,"column":64}}],"line":5}},"s":{"0":5,"1":0,"2":0,"3":0,"4":0,"5":5},"f":{"0":0,"1":0},"b":{"0":[0,0]},"_coverageSchema":"332fd63041d2c1bcb487cc26dd0d5f7d97098a6c","hash":"0b06255e0880ae637e6a4d67046ef5853895ed44"}
,"/Users/ryuyutyo/Documents/git/verdaccio/modules/cronr/src/utils/resolveTsParts.ts": {"path":"/Users/ryuyutyo/Documents/git/verdaccio/modules/cronr/src/utils/resolveTsParts.ts","statementMap":{"0":{"start":{"line":2,"column":0},"end":{"line":2,"column":62}},"1":{"start":{"line":3,"column":0},"end":{"line":15,"column":2}},"2":{"start":{"line":4,"column":4},"end":{"line":14,"column":6}}},"fnMap":{"0":{"name":"(anonymous_0)","decl":{"start":{"line":3,"column":18},"end":{"line":3,"column":19}},"loc":{"start":{"line":3,"column":26},"end":{"line":15,"column":1}},"line":3}},"branchMap":{"0":{"loc":{"start":{"line":13,"column":17},"end":{"line":13,"column":52}},"type":"cond-expr","locations":[{"start":{"line":13,"column":37},"end":{"line":13,"column":38}},{"start":{"line":13,"column":41},"end":{"line":13,"column":52}}],"line":13}},"s":{"0":5,"1":5,"2":658},"f":{"0":658},"b":{"0":[119,539]},"_coverageSchema":"332fd63041d2c1bcb487cc26dd0d5f7d97098a6c","hash":"f4446b67325fa1e3262dd0f68c3e32b9694ebc47"}
,"/Users/ryuyutyo/Documents/git/verdaccio/modules/cronr/src/utils/sortByValue.ts": {"path":"/Users/ryuyutyo/Documents/git/verdaccio/modules/cronr/src/utils/sortByValue.ts","statementMap":{"0":{"start":{"line":2,"column":0},"end":{"line":2,"column":62}},"1":{"start":{"line":3,"column":20},"end":{"line":7,"column":1}},"2":{"start":{"line":4,"column":26},"end":{"line":4,"column":27}},"3":{"start":{"line":5,"column":26},"end":{"line":5,"column":27}},"4":{"start":{"line":6,"column":4},"end":{"line":6,"column":19}},"5":{"start":{"line":8,"column":0},"end":{"line":8,"column":30}}},"fnMap":{"0":{"name":"(anonymous_0)","decl":{"start":{"line":3,"column":20},"end":{"line":3,"column":21}},"loc":{"start":{"line":3,"column":30},"end":{"line":7,"column":1}},"line":3}},"branchMap":{},"s":{"0":5,"1":5,"2":0,"3":0,"4":0,"5":5},"f":{"0":0},"b":{},"_coverageSchema":"332fd63041d2c1bcb487cc26dd0d5f7d97098a6c","hash":"490f9f780945e2fe36c364082b75ae7104fc0683"}
,"/Users/ryuyutyo/Documents/git/verdaccio/modules/cronr/src/utils/toNum.ts": {"path":"/Users/ryuyutyo/Documents/git/verdaccio/modules/cronr/src/utils/toNum.ts","statementMap":{"0":{"start":{"line":2,"column":0},"end":{"line":2,"column":62}},"1":{"start":{"line":3,"column":14},"end":{"line":3,"column":38}},"2":{"start":{"line":3,"column":24},"end":{"line":3,"column":38}},"3":{"start":{"line":4,"column":0},"end":{"line":4,"column":24}}},"fnMap":{"0":{"name":"(anonymous_0)","decl":{"start":{"line":3,"column":14},"end":{"line":3,"column":15}},"loc":{"start":{"line":3,"column":24},"end":{"line":3,"column":38}},"line":3}},"branchMap":{},"s":{"0":5,"1":5,"2":89,"3":5},"f":{"0":89},"b":{},"_coverageSchema":"332fd63041d2c1bcb487cc26dd0d5f7d97098a6c","hash":"083fef75c828f057fbcf3b0e7b7a21e13b7caa80"}
,"/Users/ryuyutyo/Documents/git/verdaccio/modules/cronr/test/utils/format.js": {"path":"/Users/ryuyutyo/Documents/git/verdaccio/modules/cronr/test/utils/format.js","statementMap":{"0":{"start":{"line":1,"column":21},"end":{"line":1,"column":47}}},"fnMap":{"0":{"name":"(anonymous_0)","decl":{"start":{"line":1,"column":15},"end":{"line":1,"column":16}},"loc":{"start":{"line":1,"column":21},"end":{"line":1,"column":47}},"line":1}},"branchMap":{},"s":{"0":55},"f":{"0":55},"b":{},"_coverageSchema":"332fd63041d2c1bcb487cc26dd0d5f7d97098a6c","hash":"66ace7bd4c06bf4d4a261657e0a93f3197c90d5b"}
,"/Users/ryuyutyo/Documents/git/verdaccio/modules/cronr/test/utils/noop.js": {"path":"/Users/ryuyutyo/Documents/git/verdaccio/modules/cronr/test/utils/noop.js","statementMap":{},"fnMap":{"0":{"name":"(anonymous_0)","decl":{"start":{"line":1,"column":15},"end":{"line":1,"column":16}},"loc":{"start":{"line":1,"column":21},"end":{"line":1,"column":23}},"line":1}},"branchMap":{},"s":{},"f":{"0":0},"b":{},"_coverageSchema":"332fd63041d2c1bcb487cc26dd0d5f7d97098a6c","hash":"5cae9a77eeb6d01cd9629a0512bfa246ab9dd3ee"}
}
