TN:
SF:/Users/ryuyutyo/Documents/git/verdaccio/modules/cronr/src/Cronr.ts
FN:12,(anonymous_0)
FN:27,(anonymous_1)
FN:39,(anonymous_2)
FN:48,(anonymous_3)
FN:56,(anonymous_4)
FN:61,(anonymous_5)
FN:69,(anonymous_6)
FN:76,(anonymous_7)
FN:83,(anonymous_8)
FNF:9
FNH:1
FNDA:1,(anonymous_0)
FNDA:0,(anonymous_1)
FNDA:0,(anonymous_2)
FNDA:0,(anonymous_3)
FNDA:0,(anonymous_4)
FNDA:0,(anonymous_5)
FNDA:0,(anonymous_6)
FNDA:0,(anonymous_7)
FNDA:0,(anonymous_8)
DA:2,1
DA:3,1
DA:4,1
DA:5,1
DA:6,1
DA:7,1
DA:8,1
DA:9,1
DA:16,1
DA:17,1
DA:18,1
DA:19,1
DA:23,1
DA:24,1
DA:25,1
DA:28,0
DA:30,0
DA:32,0
DA:34,0
DA:36,0
DA:40,0
DA:41,0
DA:43,0
DA:44,0
DA:46,0
DA:47,0
DA:48,0
DA:49,0
DA:50,0
DA:51,0
DA:52,0
DA:54,0
DA:57,0
DA:62,0
DA:63,0
DA:65,0
DA:66,0
DA:70,0
DA:71,0
DA:73,0
DA:74,0
DA:77,0
DA:78,0
DA:80,0
DA:81,0
DA:84,0
DA:85,0
DA:87,0
DA:88,0
DA:91,1
LF:50
LH:16
BRDA:12,0,0,1
BRDA:28,1,0,0
BRDA:28,1,1,0
BRDA:28,1,2,0
BRDA:28,1,3,0
BRDA:40,2,0,0
BRDA:40,2,1,0
BRDA:43,3,0,0
BRDA:43,3,1,0
BRDA:43,4,0,0
BRDA:43,4,1,0
BRDA:62,5,0,0
BRDA:62,5,1,0
BRDA:70,6,0,0
BRDA:70,6,1,0
BRDA:70,7,0,0
BRDA:70,7,1,0
BRDA:77,8,0,0
BRDA:77,8,1,0
BRDA:84,9,0,0
BRDA:84,9,1,0
BRF:21
BRH:1
end_of_record
TN:
SF:/Users/ryuyutyo/Documents/git/verdaccio/modules/cronr/src/CronrCounter.ts
FN:2,(anonymous_0)
FN:14,(anonymous_1)
FNF:2
FNH:2
FNDA:25,(anonymous_0)
FNDA:25,(anonymous_1)
DA:2,3
DA:3,25
DA:4,74
DA:5,50
DA:6,25
DA:7,25
DA:8,0
DA:9,25
DA:11,3
DA:12,3
DA:15,25
DA:16,25
DA:17,25
DA:18,25
DA:21,3
LF:15
LH:14
BRDA:2,0,0,3
BRDA:2,0,1,3
BRDA:2,0,2,3
BRDA:4,1,0,50
BRDA:4,1,1,24
BRDA:4,2,0,74
BRDA:4,2,1,74
BRDA:6,3,0,25
BRDA:6,3,1,0
BRDA:6,4,0,25
BRDA:6,4,1,25
BRDA:7,5,0,0
BRDA:7,5,1,0
BRF:13
BRH:10
end_of_record
TN:
SF:/Users/ryuyutyo/Documents/git/verdaccio/modules/cronr/src/Pattern.ts
FN:9,(anonymous_0)
FN:20,(anonymous_1)
FN:25,(anonymous_2)
FN:31,(anonymous_3)
FN:54,(anonymous_4)
FN:68,(anonymous_5)
FNF:6
FNH:6
FNDA:44,(anonymous_0)
FNDA:44,(anonymous_1)
FNDA:44,(anonymous_2)
FNDA:54,(anonymous_3)
FNDA:44,(anonymous_4)
FNDA:308,(anonymous_5)
DA:2,4
DA:3,4
DA:4,4
DA:5,4
DA:6,4
DA:7,4
DA:10,44
DA:11,44
DA:12,44
DA:13,44
DA:14,44
DA:15,44
DA:16,44
DA:17,44
DA:18,44
DA:21,44
DA:22,44
DA:23,44
DA:26,44
DA:32,54
DA:33,54
DA:34,54
DA:35,186
DA:36,45
DA:39,54
DA:40,45
DA:41,45
DA:43,9
DA:45,3
DA:47,3
DA:49,3
DA:51,0
DA:55,44
DA:56,44
DA:57,44
DA:58,0
DA:59,44
DA:60,1
DA:61,1
DA:63,44
DA:64,42
DA:65,42
DA:67,44
DA:68,308
DA:71,4
LF:45
LH:43
BRDA:35,0,0,45
BRDA:35,0,1,141
BRDA:39,1,0,45
BRDA:39,1,1,9
BRDA:43,2,0,3
BRDA:43,2,1,3
BRDA:43,2,2,3
BRDA:43,2,3,0
BRDA:57,3,0,0
BRDA:57,3,1,44
BRDA:57,4,0,44
BRDA:57,4,1,44
BRDA:59,5,0,1
BRDA:59,5,1,43
BRDA:63,6,0,42
BRDA:63,6,1,2
BRF:16
BRH:14
end_of_record
TN:
SF:/Users/ryuyutyo/Documents/git/verdaccio/modules/cronr/src/Resolver.ts
FN:9,(anonymous_0)
FN:28,(anonymous_1)
FN:30,(anonymous_2)
FN:45,(anonymous_3)
FN:50,(anonymous_4)
FN:64,(anonymous_5)
FN:80,(anonymous_6)
FN:117,(anonymous_7)
FN:135,(anonymous_8)
FN:173,(anonymous_9)
FNF:10
FNH:10
FNDA:25,(anonymous_0)
FNDA:25,(anonymous_1)
FNDA:54,(anonymous_2)
FNDA:54,(anonymous_3)
FNDA:72,(anonymous_4)
FNDA:43,(anonymous_5)
FNDA:259,(anonymous_6)
FNDA:259,(anonymous_7)
FNDA:69,(anonymous_8)
FNDA:715,(anonymous_9)
DA:2,3
DA:3,3
DA:4,3
DA:5,3
DA:6,3
DA:7,3
DA:10,25
DA:11,25
DA:12,25
DA:13,25
DA:14,25
DA:15,25
DA:16,25
DA:17,25
DA:18,25
DA:19,25
DA:20,25
DA:22,25
DA:25,25
DA:26,25
DA:29,25
DA:31,54
DA:32,54
DA:33,54
DA:34,54
DA:46,54
DA:47,54
DA:48,54
DA:51,72
DA:52,72
DA:53,72
DA:54,3
DA:56,72
DA:57,228
DA:58,228
DA:59,228
DA:60,228
DA:61,228
DA:65,43
DA:66,43
DA:67,43
DA:68,3
DA:70,43
DA:71,132
DA:72,132
DA:73,132
DA:74,132
DA:75,131
DA:76,131
DA:77,131
DA:81,259
DA:82,259
DA:83,259
DA:84,259
DA:85,259
DA:86,69
DA:87,69
DA:88,39
DA:89,39
DA:90,39
DA:91,39
DA:92,39
DA:95,30
DA:96,28
DA:97,28
DA:98,28
DA:99,28
DA:100,28
DA:101,28
DA:102,28
DA:105,2
DA:106,2
DA:107,2
DA:108,2
DA:110,30
DA:113,190
DA:114,177
DA:118,259
DA:119,259
DA:120,203
DA:122,56
DA:123,56
DA:124,56
DA:125,56
DA:126,21
DA:127,35
DA:128,35
DA:129,35
DA:130,10
DA:131,25
DA:132,9
DA:133,16
DA:136,69
DA:137,69
DA:138,57
DA:140,12
DA:141,12
DA:142,12
DA:143,12
DA:144,12
DA:145,0
DA:146,12
DA:147,12
DA:148,12
DA:149,12
DA:150,12
DA:151,12
DA:154,4
DA:155,1
DA:157,11
DA:158,1
DA:159,10
DA:160,10
DA:163,3
DA:164,0
DA:166,10
DA:167,2
DA:168,8
DA:169,5
DA:171,3
DA:174,715
DA:177,3
LF:122
LH:120
BRDA:22,0,0,25
BRDA:22,0,1,0
BRDA:53,1,0,3
BRDA:53,1,1,69
BRDA:67,2,0,3
BRDA:67,2,1,40
BRDA:85,3,0,69
BRDA:85,3,1,190
BRDA:95,4,0,28
BRDA:95,4,1,2
BRDA:113,5,0,177
BRDA:113,5,1,13
BRDA:119,6,0,203
BRDA:119,6,1,56
BRDA:125,7,0,21
BRDA:125,7,1,35
BRDA:125,8,0,56
BRDA:125,8,1,31
BRDA:129,9,0,10
BRDA:129,9,1,25
BRDA:129,10,0,35
BRDA:129,10,1,10
BRDA:131,11,0,9
BRDA:131,11,1,16
BRDA:131,12,0,25
BRDA:131,12,1,25
BRDA:133,13,0,16
BRDA:133,13,1,12
BRDA:137,14,0,57
BRDA:137,14,1,12
BRDA:144,15,0,0
BRDA:144,15,1,12
BRDA:144,16,0,12
BRDA:144,16,1,2
BRDA:154,17,0,1
BRDA:154,17,1,3
BRDA:154,18,0,4
BRDA:154,18,1,1
BRDA:157,19,0,1
BRDA:157,19,1,10
BRDA:157,20,0,11
BRDA:157,20,1,1
BRDA:163,21,0,0
BRDA:163,21,1,3
BRDA:163,22,0,3
BRDA:163,22,1,3
BRDA:166,23,0,2
BRDA:166,23,1,8
BRDA:166,24,0,10
BRDA:166,24,1,10
BRDA:168,25,0,5
BRDA:168,25,1,3
BRDA:168,26,0,8
BRDA:168,26,1,5
BRF:54
BRH:51
end_of_record
TN:
SF:/Users/ryuyutyo/Documents/git/verdaccio/modules/cronr/src/Token.ts
FN:10,(anonymous_0)
FN:14,(anonymous_1)
FN:17,(anonymous_2)
FN:24,(anonymous_3)
FN:26,(anonymous_4)
FN:27,(anonymous_5)
FN:28,(anonymous_6)
FN:67,(anonymous_7)
FN:83,(anonymous_8)
FN:102,(anonymous_9)
FNF:10
FNH:10
FNDA:318,(anonymous_0)
FNDA:318,(anonymous_1)
FNDA:2945,(anonymous_2)
FNDA:2329,(anonymous_3)
FNDA:2737,(anonymous_4)
FNDA:2737,(anonymous_5)
FNDA:2737,(anonymous_6)
FNDA:210,(anonymous_7)
FNDA:10,(anonymous_8)
FNDA:2351,(anonymous_9)
DA:2,5
DA:3,5
DA:4,5
DA:5,5
DA:6,5
DA:7,5
DA:8,5
DA:11,318
DA:12,318
DA:15,318
DA:18,2945
DA:19,2945
DA:20,150
DA:22,2945
DA:25,2329
DA:26,2737
DA:27,2737
DA:28,2737
DA:29,2329
DA:30,1720
DA:31,1720
DA:32,75
DA:34,2254
DA:35,2254
DA:36,581
DA:39,2254
DA:40,2254
DA:41,2254
DA:42,108
DA:44,2254
DA:45,314
DA:52,2254
DA:53,745
DA:54,745
DA:55,745
DA:56,4200
DA:57,300
DA:60,1954
DA:68,210
DA:69,210
DA:70,210
DA:71,210
DA:72,15
DA:73,15
DA:74,15
DA:76,210
DA:77,1997
DA:78,176
DA:81,34
DA:84,10
DA:85,10
DA:86,10
DA:87,10
DA:88,0
DA:89,10
DA:90,10
DA:91,10
DA:92,10
DA:93,35
DA:94,35
DA:95,7
DA:97,28
DA:98,28
DA:100,3
DA:103,2351
DA:104,159
DA:105,2351
DA:108,5
LF:68
LH:67
BRDA:19,0,0,150
BRDA:19,0,1,2795
BRDA:31,1,0,75
BRDA:31,1,1,1645
BRDA:35,2,0,581
BRDA:35,2,1,1673
BRDA:41,3,0,108
BRDA:41,3,1,2146
BRDA:41,4,0,2254
BRDA:41,4,1,108
BRDA:44,5,0,314
BRDA:44,5,1,1940
BRDA:44,6,0,2254
BRDA:44,6,1,1855
BRDA:53,7,0,745
BRDA:53,7,1,289
BRDA:54,8,0,745
BRDA:54,8,1,0
BRDA:56,9,0,300
BRDA:56,9,1,3900
BRDA:71,10,0,15
BRDA:71,10,1,195
BRDA:76,11,0,2031
BRDA:76,11,1,2031
BRDA:77,12,0,176
BRDA:77,12,1,1821
BRDA:87,13,0,0
BRDA:87,13,1,10
BRDA:92,14,0,38
BRDA:92,14,1,38
BRDA:94,15,0,7
BRDA:94,15,1,28
BRDA:103,16,0,159
BRDA:103,16,1,2192
BRF:34
BRH:32
end_of_record
TN:
SF:/Users/ryuyutyo/Documents/git/verdaccio/modules/cronr/src/Unit.ts
FN:19,(anonymous_0)
FN:30,(anonymous_1)
FN:33,(anonymous_2)
FN:36,(anonymous_3)
FN:39,(anonymous_4)
FNF:5
FNH:5
FNDA:18,(anonymous_0)
FNDA:150,(anonymous_1)
FNDA:150,(anonymous_2)
FNDA:133,(anonymous_3)
FNDA:314,(anonymous_4)
DA:2,5
DA:3,5
DA:4,5
DA:5,5
DA:14,5
DA:15,5
DA:16,5
DA:17,5
DA:20,18
DA:21,18
DA:22,18
DA:23,18
DA:24,18
DA:25,18
DA:26,18
DA:27,18
DA:28,18
DA:31,150
DA:34,150
DA:37,133
DA:40,314
DA:41,18
DA:45,18
DA:46,18
DA:48,2
DA:55,2
DA:57,4
DA:64,4
DA:66,3
DA:73,3
DA:75,2
DA:82,2
DA:84,2
DA:91,2
DA:93,2
DA:101,2
DA:103,3
DA:110,3
DA:112,18
DA:114,314
DA:117,5
LF:41
LH:41
BRDA:37,0,0,0
BRDA:37,0,1,133
BRDA:40,1,0,18
BRDA:40,1,1,296
BRDA:46,2,0,2
BRDA:46,2,1,4
BRDA:46,2,2,3
BRDA:46,2,3,2
BRDA:46,2,4,2
BRDA:46,2,5,2
BRDA:46,2,6,3
BRF:11
BRH:10
end_of_record
TN:
SF:/Users/ryuyutyo/Documents/git/verdaccio/modules/cronr/src/tokenParser.ts
FN:5,(anonymous_0)
FN:6,(anonymous_1)
FN:7,(anonymous_2)
FN:8,(anonymous_3)
FN:9,(anonymous_4)
FN:10,(anonymous_5)
FN:11,(anonymous_6)
FN:12,(anonymous_7)
FN:12,(anonymous_8)
FN:32,combinePatterns
FN:33,(anonymous_10)
FN:42,(anonymous_11)
FN:42,(anonymous_12)
FN:42,(anonymous_13)
FN:100,(anonymous_14)
FN:101,(anonymous_15)
FN:112,(anonymous_16)
FN:123,(anonymous_17)
FN:137,(anonymous_18)
FN:152,(anonymous_19)
FN:167,(anonymous_20)
FN:184,(anonymous_21)
FN:203,(anonymous_22)
FN:222,(anonymous_23)
FN:229,(anonymous_24)
FN:238,(anonymous_25)
FN:239,(anonymous_26)
FN:243,(anonymous_27)
FN:257,(anonymous_28)
FN:258,(anonymous_29)
FN:287,parse
FN:289,(anonymous_31)
FNF:32
FNH:29
FNDA:0,(anonymous_0)
FNDA:328,(anonymous_1)
FNDA:9,(anonymous_2)
FNDA:8,(anonymous_3)
FNDA:139,(anonymous_4)
FNDA:34,(anonymous_5)
FNDA:56,(anonymous_6)
FNDA:26,(anonymous_7)
FNDA:4,(anonymous_8)
FNDA:35,combinePatterns
FNDA:177,(anonymous_10)
FNDA:40,(anonymous_11)
FNDA:209,(anonymous_12)
FNDA:254,(anonymous_13)
FNDA:40,(anonymous_14)
FNDA:0,(anonymous_15)
FNDA:41,(anonymous_16)
FNDA:24,(anonymous_17)
FNDA:87,(anonymous_18)
FNDA:0,(anonymous_19)
FNDA:14,(anonymous_20)
FNDA:5,(anonymous_21)
FNDA:6,(anonymous_22)
FNDA:120,(anonymous_23)
FNDA:40,(anonymous_24)
FNDA:30,(anonymous_25)
FNDA:164,(anonymous_26)
FNDA:178,(anonymous_27)
FNDA:19,(anonymous_28)
FNDA:19,(anonymous_29)
FNDA:159,parse
FNDA:177,(anonymous_31)
DA:2,5
DA:3,5
DA:4,5
DA:5,5
DA:6,328
DA:7,9
DA:8,8
DA:9,139
DA:10,34
DA:11,56
DA:12,26
DA:13,4
DA:14,4
DA:17,5
DA:18,5
DA:33,35
DA:34,177
DA:35,461
DA:36,461
DA:37,177
DA:39,0
DA:42,254
DA:43,5
DA:44,5
DA:45,5
DA:46,5
DA:47,5
DA:48,5
DA:49,5
DA:50,5
DA:51,5
DA:52,5
DA:53,5
DA:54,5
DA:55,5
DA:61,5
DA:67,5
DA:73,5
DA:79,5
DA:85,5
DA:92,5
DA:99,5
DA:100,40
DA:101,5
DA:102,0
DA:103,0
DA:104,0
DA:105,0
DA:110,0
DA:112,5
DA:113,41
DA:114,41
DA:115,41
DA:116,41
DA:121,0
DA:123,5
DA:124,24
DA:125,24
DA:126,24
DA:127,24
DA:135,0
DA:137,5
DA:138,87
DA:139,87
DA:140,87
DA:141,87
DA:142,8
DA:146,79
DA:152,5
DA:153,0
DA:154,0
DA:155,0
DA:156,0
DA:167,5
DA:168,14
DA:169,14
DA:170,14
DA:171,14
DA:182,0
DA:184,5
DA:185,5
DA:186,5
DA:187,5
DA:188,5
DA:189,5
DA:190,4
DA:197,1
DA:203,5
DA:204,6
DA:205,6
DA:206,6
DA:207,6
DA:208,6
DA:209,2
DA:216,4
DA:222,5
DA:223,120
DA:224,0
DA:225,120
DA:226,0
DA:227,120
DA:229,5
DA:230,40
DA:231,40
DA:232,40
DA:233,40
DA:238,5
DA:239,30
DA:240,164
DA:241,164
DA:242,164
DA:243,164
DA:244,178
DA:246,40
DA:248,40
DA:250,98
DA:254,0
DA:257,5
DA:258,19
DA:259,19
DA:261,9
DA:262,9
DA:264,6
DA:265,6
DA:266,1
DA:268,5
DA:270,4
DA:274,5
DA:275,5
DA:278,5
DA:279,5
DA:280,5
DA:281,5
DA:283,5
DA:288,159
DA:289,159
DA:290,177
DA:291,177
DA:292,177
DA:293,45
DA:295,177
DA:296,177
DA:297,164
DA:299,177
DA:302,5
LF:145
LH:129
BRDA:36,0,0,177
BRDA:36,0,1,284
BRDA:103,1,0,0
BRDA:103,1,1,0
BRDA:114,2,0,41
BRDA:114,2,1,0
BRDA:125,3,0,24
BRDA:125,3,1,0
BRDA:139,4,0,87
BRDA:139,4,1,0
BRDA:141,5,0,8
BRDA:141,5,1,79
BRDA:154,6,0,0
BRDA:154,6,1,0
BRDA:169,7,0,14
BRDA:169,7,1,0
BRDA:187,8,0,5
BRDA:187,8,1,0
BRDA:189,9,0,4
BRDA:189,9,1,1
BRDA:206,10,0,6
BRDA:206,10,1,0
BRDA:208,11,0,2
BRDA:208,11,1,4
BRDA:223,12,0,0
BRDA:223,12,1,120
BRDA:225,13,0,0
BRDA:225,13,1,120
BRDA:242,14,0,164
BRDA:242,14,1,0
BRDA:242,15,0,164
BRDA:242,15,1,164
BRDA:244,16,0,40
BRDA:244,16,1,40
BRDA:244,16,2,98
BRDA:259,17,0,9
BRDA:259,17,1,6
BRDA:259,17,2,4
BRDA:262,18,0,0
BRDA:262,18,1,9
BRDA:265,19,0,1
BRDA:265,19,1,5
BRDA:265,20,0,6
BRDA:265,20,1,1
BRDA:292,21,0,45
BRDA:292,21,1,132
BRDA:296,22,0,164
BRDA:296,22,1,13
BRF:48
BRH:34
end_of_record
TN:
SF:/Users/ryuyutyo/Documents/git/verdaccio/modules/cronr/src/types.ts
FNF:0
FNH:0
DA:2,5
DA:3,5
DA:4,5
DA:5,5
LF:4
LH:4
BRF:0
BRH:0
end_of_record
TN:
SF:/Users/ryuyutyo/Documents/git/verdaccio/modules/cronr/src/utils/index.ts
FNF:0
FNH:0
DA:2,5
DA:3,5
DA:4,5
DA:5,5
DA:6,5
DA:7,5
DA:8,5
DA:9,5
LF:8
LH:8
BRF:0
BRH:0
end_of_record
TN:
SF:/Users/ryuyutyo/Documents/git/verdaccio/modules/cronr/src/utils/isLeap.ts
FN:3,(anonymous_0)
FNF:1
FNH:1
FNDA:133,(anonymous_0)
DA:2,5
DA:3,133
LF:2
LH:2
BRDA:3,0,0,133
BRDA:3,0,1,0
BRDA:3,0,2,0
BRF:3
BRH:1
end_of_record
TN:
SF:/Users/ryuyutyo/Documents/git/verdaccio/modules/cronr/src/utils/min.ts
FN:3,(anonymous_0)
FN:4,(anonymous_1)
FNF:2
FNH:0
FNDA:0,(anonymous_0)
FNDA:0,(anonymous_1)
DA:2,5
DA:3,5
DA:4,0
DA:5,0
DA:6,0
DA:7,0
DA:10,5
LF:7
LH:3
BRDA:5,0,0,0
BRDA:5,0,1,0
BRDA:6,1,0,0
BRDA:6,1,1,0
BRF:4
BRH:0
end_of_record
TN:
SF:/Users/ryuyutyo/Documents/git/verdaccio/modules/cronr/src/utils/pick.ts
FN:3,pick
FN:4,(anonymous_1)
FNF:2
FNH:0
FNDA:0,pick
FNDA:0,(anonymous_1)
DA:2,5
DA:4,0
DA:5,0
DA:6,0
DA:7,0
DA:10,5
LF:6
LH:2
BRDA:5,0,0,0
BRDA:5,0,1,0
BRF:2
BRH:0
end_of_record
TN:
SF:/Users/ryuyutyo/Documents/git/verdaccio/modules/cronr/src/utils/resolveTsParts.ts
FN:3,(anonymous_0)
FNF:1
FNH:1
FNDA:658,(anonymous_0)
DA:2,5
DA:3,5
DA:4,658
LF:3
LH:3
BRDA:13,0,0,119
BRDA:13,0,1,539
BRF:2
BRH:2
end_of_record
TN:
SF:/Users/ryuyutyo/Documents/git/verdaccio/modules/cronr/src/utils/sortByValue.ts
FN:3,(anonymous_0)
FNF:1
FNH:0
FNDA:0,(anonymous_0)
DA:2,5
DA:3,5
DA:4,0
DA:5,0
DA:6,0
DA:8,5
LF:6
LH:3
BRF:0
BRH:0
end_of_record
TN:
SF:/Users/ryuyutyo/Documents/git/verdaccio/modules/cronr/src/utils/toNum.ts
FN:3,(anonymous_0)
FNF:1
FNH:1
FNDA:89,(anonymous_0)
DA:2,5
DA:3,89
DA:4,5
LF:3
LH:3
BRF:0
BRH:0
end_of_record
TN:
SF:/Users/ryuyutyo/Documents/git/verdaccio/modules/cronr/test/utils/format.js
FN:1,(anonymous_0)
FNF:1
FNH:1
FNDA:55,(anonymous_0)
DA:1,55
LF:1
LH:1
BRF:0
BRH:0
end_of_record
TN:
SF:/Users/ryuyutyo/Documents/git/verdaccio/modules/cronr/test/utils/noop.js
FN:1,(anonymous_0)
FNF:1
FNH:0
FNDA:0,(anonymous_0)
LF:0
LH:0
BRF:0
BRH:0
end_of_record
